Log file open, 03/18/25 17:39:07
LogWindows: Failed to load 'aqProf.dll' (GetLastError=126)
LogWindows: File 'aqProf.dll' does not exist
LogWindows: Failed to load 'VtuneApi.dll' (GetLastError=126)
LogWindows: File 'VtuneApi.dll' does not exist
LogWindows: Failed to load 'VtuneApi32e.dll' (GetLastError=126)
LogWindows: File 'VtuneApi32e.dll' does not exist
LogConsoleResponse: Display: Failed to find resolution value strings in scalability ini. Falling back to default.
LogConsoleResponse: Display: Failed to find resolution value strings in scalability ini. Falling back to default.
LogInit: Display: Running engine for game: KalayaAndroid
LogPlatformFile: Not using cached read wrapper
LogTaskGraph: Started task graph with 5 named threads and 23 total threads with 3 sets of task threads.
LogStats: Stats thread started at 0.359450
LogICUInternationalization: ICU TimeZone Detection - Raw Offset: +8:00, Platform Override: ''
LogInit: Display: Loading text-based GConfig....
LogPluginManager: Mounting plugin MeshPainting
LogPluginManager: Mounting plugin XGEController
LogPluginManager: Mounting plugin AISupport
LogPluginManager: Mounting plugin Paper2D
LogPluginManager: Mounting plugin EnvironmentQueryEditor
LogPluginManager: Mounting plugin LightPropagationVolume
LogPluginManager: Mounting plugin OodleData
LogPluginManager: Mounting plugin CameraShakePreviewer
LogPluginManager: Mounting plugin OodleNetwork
LogPluginManager: Mounting plugin GameplayCameras
LogPluginManager: Mounting plugin AnimationSharing
LogPluginManager: Mounting plugin CodeLiteSourceCodeAccess
LogPluginManager: Mounting plugin KDevelopSourceCodeAccess
LogPluginManager: Mounting plugin GitSourceControl
LogPluginManager: Mounting plugin CLionSourceCodeAccess
LogPluginManager: Mounting plugin NullSourceCodeAccess
LogPluginManager: Mounting plugin PixWinPlugin
LogPluginManager: Mounting plugin PluginUtils
LogPluginManager: Mounting plugin PerforceSourceControl
LogPluginManager: Mounting plugin PlasticSourceControl
LogPluginManager: Mounting plugin PropertyAccessNode
LogPluginManager: Mounting plugin SubversionSourceControl
LogPluginManager: Mounting plugin TextureFormatOodle
LogPluginManager: Mounting plugin RiderSourceCodeAccess
LogPluginManager: Mounting plugin UObjectPlugin
LogPluginManager: Mounting plugin VisualStudioCodeSourceCodeAccess
LogPluginManager: Mounting plugin AssetManagerEditor
LogPluginManager: Mounting plugin XCodeSourceCodeAccess
LogPluginManager: Mounting plugin VisualStudioSourceCodeAccess
LogPluginManager: Mounting plugin BlueprintMaterialTextureNodes
LogPluginManager: Mounting plugin Niagara
LogPluginManager: Mounting plugin DatasmithContent
LogPluginManager: Mounting plugin VariantManagerContent
LogPluginManager: Mounting plugin AlembicImporter
LogPluginManager: Mounting plugin AutomationUtils
LogPluginManager: Mounting plugin BackChannel
LogPluginManager: Mounting plugin ChaosCloth
LogPluginManager: Mounting plugin ChaosClothEditor
LogPluginManager: Mounting plugin ChaosEditor
LogPluginManager: Mounting plugin ChaosNiagara
LogPluginManager: Mounting plugin ChaosSolverPlugin
LogPluginManager: Mounting plugin CharacterAI
LogPluginManager: Mounting plugin CommonUI
LogPluginManager: Mounting plugin LuminPlatformFeatures
LogPluginManager: Mounting plugin MagicLeap
LogPluginManager: Mounting plugin MagicLeapLightEstimation
LogPluginManager: Mounting plugin MagicLeapMedia
LogPluginManager: Mounting plugin MagicLeapPassableWorld
LogPluginManager: Mounting plugin MLSDK
LogPluginManager: Mounting plugin GeometryCache
LogPluginManager: Mounting plugin GeometryProcessing
LogPluginManager: Mounting plugin GeometryCollectionPlugin
LogPluginManager: Mounting plugin Landmass
LogPluginManager: Mounting plugin OpenImageDenoise
LogPluginManager: Mounting plugin MotoSynth
LogPluginManager: Mounting plugin PlatformCrypto
LogPluginManager: Mounting plugin ProxyLODPlugin
LogPluginManager: Mounting plugin PlanarCut
LogPluginManager: Mounting plugin PythonScriptPlugin
LogPluginManager: Mounting plugin AndroidMedia
LogPluginManager: Mounting plugin AvfMedia
LogPluginManager: Mounting plugin MediaCompositing
LogPluginManager: Mounting plugin MediaPlayerEditor
LogPluginManager: Mounting plugin WebMMedia
LogPluginManager: Mounting plugin SkeletalReduction
LogPluginManager: Mounting plugin WmfMedia
LogPluginManager: Mounting plugin Water
LogPluginManager: Mounting plugin TcpMessaging
LogPluginManager: Mounting plugin UdpMessaging
LogPluginManager: Mounting plugin ActorSequence
LogPluginManager: Mounting plugin MatineeToLevelSequence
LogPluginManager: Mounting plugin LevelSequenceEditor
LogPluginManager: Mounting plugin TemplateSequence
LogPluginManager: Mounting plugin CryptoKeys
LogPluginManager: Mounting plugin CurveEditorTools
LogPluginManager: Mounting plugin DataValidation
LogPluginManager: Mounting plugin FacialAnimation
LogPluginManager: Mounting plugin GameplayTagsEditor
LogPluginManager: Mounting plugin MacGraphicsSwitching
LogPluginManager: Mounting plugin GeometryMode
LogPluginManager: Mounting plugin PluginBrowser
LogPluginManager: Mounting plugin MaterialAnalyzer
LogPluginManager: Mounting plugin MobileLauncherProfileWizard
LogPluginManager: Mounting plugin SpeedTreeImporter
LogPluginManager: Mounting plugin LauncherChunkInstaller
LogPluginManager: Mounting plugin ActorLayerUtilities
LogPluginManager: Mounting plugin AndroidDeviceProfileSelector
LogPluginManager: Mounting plugin AndroidPermission
LogPluginManager: Mounting plugin AndroidMoviePlayer
LogPluginManager: Mounting plugin AppleImageUtils
LogPluginManager: Mounting plugin ArchVisCharacter
LogPluginManager: Mounting plugin AppleMoviePlayer
LogPluginManager: Mounting plugin AssetTags
LogPluginManager: Mounting plugin AudioCapture
LogPluginManager: Mounting plugin CableComponent
LogPluginManager: Mounting plugin ChunkDownloader
LogPluginManager: Mounting plugin AudioSynesthesia
LogPluginManager: Mounting plugin CustomMeshComponent
LogPluginManager: Mounting plugin EditableMesh
LogPluginManager: Mounting plugin ExampleDeviceProfileSelector
LogPluginManager: Mounting plugin GoogleCloudMessaging
LogPluginManager: Mounting plugin GooglePAD
LogPluginManager: Mounting plugin IOSDeviceProfileSelector
LogPluginManager: Mounting plugin LinuxDeviceProfileSelector
LogPluginManager: Mounting plugin LocationServicesBPLibrary
LogPluginManager: Mounting plugin MobilePatchingUtils
LogPluginManager: Mounting plugin OpenXR
LogPluginManager: Mounting plugin OpenXRHandTracking
LogPluginManager: Mounting plugin OpenXREyeTracker
LogPluginManager: Mounting plugin PhysXVehicles
LogPluginManager: Mounting plugin ImgMedia
LogPluginManager: Mounting plugin PropertyAccessEditor
LogPluginManager: Mounting plugin ProceduralMeshComponent
LogPluginManager: Mounting plugin RuntimePhysXCooking
LogPluginManager: Mounting plugin SoundFields
LogPluginManager: Mounting plugin SignificanceManager
LogPluginManager: Mounting plugin Synthesis
LogPluginManager: Mounting plugin WebMMoviePlayer
LogPluginManager: Mounting plugin WindowsMoviePlayer
LogPluginManager: Mounting plugin OnlineSubsystem
LogPluginManager: Mounting plugin OnlineSubsystemNull
LogPluginManager: Mounting plugin OnlineSubsystemUtils
LogPluginManager: Mounting plugin ScreenshotTools
LogPluginManager: Mounting plugin Takes
LogPluginManager: Mounting plugin LiveLink
LogPluginManager: Mounting plugin PostSplashScreen
LogPluginManager: Mounting plugin ContentBrowserFileDataSource
LogPluginManager: Mounting plugin ContentBrowserClassDataSource
LogPluginManager: Mounting plugin ContentBrowserAssetDataSource
LogPluginManager: Mounting plugin OculusVR
LogPluginManager: Mounting plugin SteamVR
LogPluginManager: Mounting plugin OnlineSubsystemGooglePlay
LogPluginManager: Mounting plugin OnlineSubsystemIOS
PixWinPlugin: PIX capture plugin failed to initialize! Check that the process is launched from PIX.
LogInit: Using libcurl 7.55.1-DEV
LogInit:  - built for x86_64-pc-win32
LogInit:  - supports SSL with OpenSSL/1.1.1
LogInit:  - supports HTTP deflate (compression) using libz 1.2.8
LogInit:  - other features:
LogInit:      CURL_VERSION_SSL
LogInit:      CURL_VERSION_LIBZ
LogInit:      CURL_VERSION_IPV6
LogInit:      CURL_VERSION_ASYNCHDNS
LogInit:      CURL_VERSION_LARGEFILE
LogInit:      CURL_VERSION_IDN
LogInit:  CurlRequestOptions (configurable via config and command line):
LogInit:  - bVerifyPeer = true  - Libcurl will verify peer certificate
LogInit:  - bUseHttpProxy = false  - Libcurl will NOT use HTTP proxy
LogInit:  - bDontReuseConnections = false  - Libcurl will reuse connections
LogInit:  - MaxHostConnections = 16  - Libcurl will limit the number of connections to a host
LogInit:  - LocalHostAddr = Default
LogInit:  - BufferSize = 65536
LogOnline: OSS: Creating online subsystem instance for: NULL
LogInit: WinSock: version 1.1 (2.2), MaxSocks=32767, MaxUdp=65467
LogOnline: OSS: TryLoadSubsystemAndSetDefault: Loaded subsystem for module [NULL]
LogOculusPluginWrapper: OculusPlugin initialized successfully
LogHMD: Failed initializing OVRPlugin 1.59.0
LogInit: Build: ++UE4+Release-4.27-CL-18319896
LogInit: Engine Version: 4.27.2-18319896+++UE4+Release-4.27
LogInit: Compatible Engine Version: 4.27.0-17155196+++UE4+Release-4.27
LogInit: Net CL: 17155196
LogInit: OS: Windows 10 (Release 2009) (), CPU: 12th Gen Intel(R) Core(TM) i3-1215U, GPU: Intel(R) UHD Graphics
LogInit: Compiled (64-bit): Nov 30 2021 07:12:08
LogInit: Compiled with Visual C++: 19.24.28315.00
LogInit: Build Configuration: Development
LogInit: Branch Name: ++UE4+Release-4.27
LogInit: Command Line:  /Game/ThirdPersonBP/Maps/MainMenu -game -PIEVIACONSOLE -Multiprocess GameUserSettingsINI=C:/Game/KalayaAndroid/KalayaAndroid/Saved/Config/Windows/PIEGameUserSettings0.ini -MultiprocessSaveConfig -forcepassthrough -messaging -SessionName="Play in Standalone Game" -featureleveles31 -faketouches -MultiprocessSaveConfig -windowed -ResX=1280 -ResY=720
LogInit: Base Directory: C:/Program Files/Epic Games/UE_4.27/Engine/Binaries/Win64/
LogInit: Allocator: TBB
LogInit: Installed Engine Build: 1
LogDevObjectVersion: Number of dev versions registered: 29
LogDevObjectVersion:   Dev-Blueprints (B0D832E4-1F89-4F0D-ACCF-7EB736FD4AA2): 10
LogDevObjectVersion:   Dev-Build (E1C64328-A22C-4D53-A36C-8E866417BD8C): 0
LogDevObjectVersion:   Dev-Core (375EC13C-06E4-48FB-B500-84F0262A717E): 4
LogDevObjectVersion:   Dev-Editor (E4B068ED-F494-42E9-A231-DA0B2E46BB41): 40
LogDevObjectVersion:   Dev-Framework (CFFC743F-43B0-4480-9391-14DF171D2073): 37
LogDevObjectVersion:   Dev-Mobile (B02B49B5-BB20-44E9-A304-32B752E40360): 3
LogDevObjectVersion:   Dev-Networking (A4E4105C-59A1-49B5-A7C5-40C4547EDFEE): 0
LogDevObjectVersion:   Dev-Online (39C831C9-5AE6-47DC-9A44-9C173E1C8E7C): 0
LogDevObjectVersion:   Dev-Physics (78F01B33-EBEA-4F98-B9B4-84EACCB95AA2): 14
LogDevObjectVersion:   Dev-Platform (6631380F-2D4D-43E0-8009-CF276956A95A): 0
LogDevObjectVersion:   Dev-Rendering (12F88B9F-8875-4AFC-A67C-D90C383ABD29): 45
LogDevObjectVersion:   Dev-Sequencer (7B5AE74C-D270-4C10-A958-57980B212A5A): 13
LogDevObjectVersion:   Dev-VR (D7296918-1DD6-4BDD-9DE2-64A83CC13884): 3
LogDevObjectVersion:   Dev-LoadTimes (C2A15278-BFE7-4AFE-6C17-90FF531DF755): 1
LogDevObjectVersion:   Private-Geometry (6EACA3D4-40EC-4CC1-B786-8BED09428FC5): 3
LogDevObjectVersion:   Dev-AnimPhys (29E575DD-E0A3-4627-9D10-D276232CDCEA): 17
LogDevObjectVersion:   Dev-Anim (AF43A65D-7FD3-4947-9873-3E8ED9C1BB05): 15
LogDevObjectVersion:   Dev-ReflectionCapture (6B266CEC-1EC7-4B8F-A30B-E4D90942FC07): 1
LogDevObjectVersion:   Dev-Automation (0DF73D61-A23F-47EA-B727-89E90C41499A): 1
LogDevObjectVersion:   FortniteMain (601D1886-AC64-4F84-AA16-D3DE0DEAC7D6): 47
LogDevObjectVersion:   FortniteRelease (E7086368-6B23-4C58-8439-1B7016265E91): 1
LogDevObjectVersion:   Dev-Enterprise (9DFFBCD6-494F-0158-E221-12823C92A888): 10
LogDevObjectVersion:   Dev-Niagara (F2AED0AC-9AFE-416F-8664-AA7FFA26D6FC): 1
LogDevObjectVersion:   Dev-Destruction (174F1F0B-B4C6-45A5-B13F-2EE8D0FB917D): 10
LogDevObjectVersion:   Dev-Physics-Ext (35F94A83-E258-406C-A318-09F59610247C): 41
LogDevObjectVersion:   Dev-PhysicsMaterial-Chaos (B68FC16E-8B1B-42E2-B453-215C058844FE): 1
LogDevObjectVersion:   Dev-CineCamera (B2E18506-4273-CFC2-A54E-F4BB758BBA07): 1
LogDevObjectVersion:   Dev-VirtualProduction (64F58936-FD1B-42BA-BA96-7289D5D0FA4E): 1
LogDevObjectVersion:   Dev-MediaFramework (6F0ED827-A609-4895-9C91-998D90180EA4): 2
LogInit: Presizing for max 25165824 objects, including 0 objects not considered by GC, pre-allocating 0 bytes for permanent pool.
LogConfig: Applying CVar settings from Section [/Script/Engine.StreamingSettings] File [C:/Game/KalayaAndroid/KalayaAndroid/Saved/Config/Windows/Engine.ini]
LogConfig: Setting CVar [[s.MinBulkDataSizeForAsyncLoading:131072]]
LogConfig: Setting CVar [[s.AsyncLoadingThreadEnabled:0]]
LogConfig: Setting CVar [[s.EventDrivenLoaderEnabled:1]]
LogConfig: Setting CVar [[s.WarnIfTimeLimitExceeded:0]]
LogConfig: Setting CVar [[s.TimeLimitExceededMultiplier:1.5]]
LogConfig: Setting CVar [[s.TimeLimitExceededMinTime:0.005]]
LogConfig: Setting CVar [[s.UseBackgroundLevelStreaming:1]]
LogConfig: Setting CVar [[s.PriorityAsyncLoadingExtraTime:15.0]]
LogConfig: Setting CVar [[s.LevelStreamingActorsUpdateTimeLimit:5.0]]
LogConfig: Setting CVar [[s.PriorityLevelStreamingActorsUpdateExtraTime:5.0]]
LogConfig: Setting CVar [[s.LevelStreamingComponentsRegistrationGranularity:10]]
LogConfig: Setting CVar [[s.UnregisterComponentsTimeLimit:1.0]]
LogConfig: Setting CVar [[s.LevelStreamingComponentsUnregistrationGranularity:5]]
LogConfig: Setting CVar [[s.FlushStreamingOnExit:1]]
LogInit: Object subsystem initialized
LogConfig: Setting CVar [[con.DebugEarlyDefault:1]]
LogConfig: Setting CVar [[r.setres:1280x720]]
LogConfig: Setting CVar [[fx.NiagaraAllowRuntimeScalabilityChanges:1]]
[2025.03.18-09.39.07:833][  0]LogConfig: Setting CVar [[con.DebugEarlyDefault:1]]
[2025.03.18-09.39.07:833][  0]LogConfig: Setting CVar [[r.setres:1280x720]]
[2025.03.18-09.39.07:833][  0]LogConfig: Setting CVar [[fx.NiagaraAllowRuntimeScalabilityChanges:1]]
[2025.03.18-09.39.07:833][  0]LogConfig: Applying CVar settings from Section [/Script/Engine.RendererSettings] File [C:/Game/KalayaAndroid/KalayaAndroid/Saved/Config/Windows/Engine.ini]
[2025.03.18-09.39.07:833][  0]LogConfig: Setting CVar [[r.GPUCrashDebugging:0]]
[2025.03.18-09.39.07:833][  0]LogConfig: Setting CVar [[r.Mobile.DisableVertexFog:1]]
[2025.03.18-09.39.07:833][  0]LogConfig: Setting CVar [[r.Shadow.CSM.MaxMobileCascades:2]]
[2025.03.18-09.39.07:833][  0]LogConfig: Setting CVar [[r.MobileMSAA:1]]
[2025.03.18-09.39.07:833][  0]LogConfig: Setting CVar [[r.Mobile.AllowDitheredLODTransition:0]]
[2025.03.18-09.39.07:833][  0]LogConfig: Setting CVar [[r.Mobile.AllowSoftwareOcclusion:0]]
[2025.03.18-09.39.07:833][  0]LogConfig: Setting CVar [[r.Mobile.VirtualTextures:0]]
[2025.03.18-09.39.07:833][  0]LogConfig: Setting CVar [[r.DiscardUnusedQuality:0]]
[2025.03.18-09.39.07:833][  0]LogConfig: Setting CVar [[r.AllowOcclusionQueries:1]]
[2025.03.18-09.39.07:833][  0]LogConfig: Setting CVar [[r.MinScreenRadiusForLights:0.030000]]
[2025.03.18-09.39.07:833][  0]LogConfig: Setting CVar [[r.MinScreenRadiusForDepthPrepass:0.030000]]
[2025.03.18-09.39.07:833][  0]LogConfig: Setting CVar [[r.MinScreenRadiusForCSMDepth:0.010000]]
[2025.03.18-09.39.07:833][  0]LogConfig: Setting CVar [[r.PrecomputedVisibilityWarning:0]]
[2025.03.18-09.39.07:833][  0]LogConfig: Setting CVar [[r.TextureStreaming:1]]
[2025.03.18-09.39.07:833][  0]LogConfig: Setting CVar [[Compat.UseDXT5NormalMaps:0]]
[2025.03.18-09.39.07:833][  0]LogConfig: Setting CVar [[r.VirtualTextures:0]]
[2025.03.18-09.39.07:833][  0]LogConfig: Setting CVar [[r.VT.EnableAutoImport:1]]
[2025.03.18-09.39.07:833][  0]LogConfig: Setting CVar [[r.VirtualTexturedLightmaps:0]]
[2025.03.18-09.39.07:833][  0]LogConfig: Setting CVar [[r.VT.TileSize:128]]
[2025.03.18-09.39.07:833][  0]LogConfig: Setting CVar [[r.VT.TileBorderSize:4]]
[2025.03.18-09.39.07:833][  0]LogConfig: Setting CVar [[r.vt.FeedbackFactor:16]]
[2025.03.18-09.39.07:833][  0]LogConfig: Setting CVar [[r.VT.EnableCompressZlib:1]]
[2025.03.18-09.39.07:833][  0]LogConfig: Setting CVar [[r.VT.EnableCompressCrunch:0]]
[2025.03.18-09.39.07:833][  0]LogConfig: Setting CVar [[r.ClearCoatNormal:0]]
[2025.03.18-09.39.07:833][  0]LogConfig: Setting CVar [[r.ReflectionCaptureResolution:128]]
[2025.03.18-09.39.07:833][  0]LogConfig: Setting CVar [[r.Mobile.ReflectionCaptureCompression:0]]
[2025.03.18-09.39.07:834][  0]LogConfig: Setting CVar [[r.ReflectionEnvironmentLightmapMixBasedOnRoughness:1]]
[2025.03.18-09.39.07:834][  0]LogConfig: Setting CVar [[r.ForwardShading:0]]
[2025.03.18-09.39.07:834][  0]LogConfig: Setting CVar [[r.VertexFoggingForOpaque:1]]
[2025.03.18-09.39.07:834][  0]LogConfig: Setting CVar [[r.AllowStaticLighting:1]]
[2025.03.18-09.39.07:834][  0]LogConfig: Setting CVar [[r.NormalMapsForStaticLighting:0]]
[2025.03.18-09.39.07:834][  0]LogConfig: Setting CVar [[r.GenerateMeshDistanceFields:0]]
[2025.03.18-09.39.07:834][  0]LogConfig: Setting CVar [[r.DistanceFieldBuild.EightBit:0]]
[2025.03.18-09.39.07:834][  0]LogConfig: Setting CVar [[r.GenerateLandscapeGIData:0]]
[2025.03.18-09.39.07:834][  0]LogConfig: Setting CVar [[r.DistanceFieldBuild.Compress:0]]
[2025.03.18-09.39.07:834][  0]LogConfig: Setting CVar [[r.TessellationAdaptivePixelsPerTriangle:48.000000]]
[2025.03.18-09.39.07:834][  0]LogConfig: Setting CVar [[r.SeparateTranslucency:0]]
[2025.03.18-09.39.07:834][  0]LogConfig: Setting CVar [[r.TranslucentSortPolicy:0]]
[2025.03.18-09.39.07:834][  0]LogConfig: Setting CVar [[vr.VRS.HMDFixedFoveationLevel:0]]
[2025.03.18-09.39.07:834][  0]LogConfig: Setting CVar [[r.CustomDepth:1]]
[2025.03.18-09.39.07:834][  0]LogConfig: Setting CVar [[r.CustomDepthTemporalAAJitter:1]]
[2025.03.18-09.39.07:834][  0]LogConfig: Setting CVar [[r.PostProcessing.PropagateAlpha:0]]
[2025.03.18-09.39.07:834][  0]LogConfig: Setting CVar [[r.DefaultFeature.Bloom:0]]
[2025.03.18-09.39.07:834][  0]LogConfig: Setting CVar [[r.DefaultFeature.AmbientOcclusion:0]]
[2025.03.18-09.39.07:834][  0]LogConfig: Setting CVar [[r.DefaultFeature.AmbientOcclusionStaticFraction:1]]
[2025.03.18-09.39.07:834][  0]LogConfig: Setting CVar [[r.DefaultFeature.AutoExposure:0]]
[2025.03.18-09.39.07:834][  0]LogConfig: Setting CVar [[r.DefaultFeature.AutoExposure.Method:0]]
[2025.03.18-09.39.07:834][  0]LogConfig: Setting CVar [[r.DefaultFeature.AutoExposure.Bias:1.000000]]
[2025.03.18-09.39.07:834][  0]LogConfig: Setting CVar [[r.DefaultFeature.AutoExposure.ExtendDefaultLuminanceRange:0]]
[2025.03.18-09.39.07:834][  0]LogConfig: Setting CVar [[r.UsePreExposure:1]]
[2025.03.18-09.39.07:834][  0]LogConfig: Setting CVar [[r.EyeAdaptation.EditorOnly:0]]
[2025.03.18-09.39.07:834][  0]LogConfig: Setting CVar [[r.DefaultFeature.MotionBlur:0]]
[2025.03.18-09.39.07:834][  0]LogConfig: Setting CVar [[r.DefaultFeature.LensFlare:0]]
[2025.03.18-09.39.07:834][  0]LogConfig: Setting CVar [[r.TemporalAA.Upsampling:0]]
[2025.03.18-09.39.07:834][  0]LogConfig: Setting CVar [[r.SSGI.Enable:0]]
[2025.03.18-09.39.07:834][  0]LogConfig: Setting CVar [[r.DefaultFeature.AntiAliasing:0]]
[2025.03.18-09.39.07:834][  0]LogConfig: Setting CVar [[r.DefaultFeature.LightUnits:1]]
[2025.03.18-09.39.07:834][  0]LogConfig: Setting CVar [[r.DefaultBackBufferPixelFormat:4]]
[2025.03.18-09.39.07:834][  0]LogConfig: Setting CVar [[r.Shadow.UnbuiltPreviewInGame:1]]
[2025.03.18-09.39.07:834][  0]LogConfig: Setting CVar [[r.StencilForLODDither:0]]
[2025.03.18-09.39.07:834][  0]LogConfig: Setting CVar [[r.EarlyZPass:3]]
[2025.03.18-09.39.07:834][  0]LogConfig: Setting CVar [[r.EarlyZPassOnlyMaterialMasking:0]]
[2025.03.18-09.39.07:834][  0]LogConfig: Setting CVar [[r.DBuffer:1]]
[2025.03.18-09.39.07:834][  0]LogConfig: Setting CVar [[r.ClearSceneMethod:1]]
[2025.03.18-09.39.07:834][  0]LogConfig: Setting CVar [[r.BasePassOutputsVelocity:0]]
[2025.03.18-09.39.07:834][  0]LogConfig: Setting CVar [[r.VertexDeformationOutputsVelocity:0]]
[2025.03.18-09.39.07:834][  0]LogConfig: Setting CVar [[r.SelectiveBasePassOutputs:0]]
[2025.03.18-09.39.07:834][  0]LogConfig: Setting CVar [[fx.GPUSimulationTextureSizeX:1024]]
[2025.03.18-09.39.07:834][  0]LogConfig: Setting CVar [[fx.GPUSimulationTextureSizeY:1024]]
[2025.03.18-09.39.07:834][  0]LogConfig: Setting CVar [[r.AllowGlobalClipPlane:0]]
[2025.03.18-09.39.07:834][  0]LogConfig: Setting CVar [[r.GBufferFormat:1]]
[2025.03.18-09.39.07:834][  0]LogConfig: Setting CVar [[r.MorphTarget.Mode:1]]
[2025.03.18-09.39.07:834][  0]LogConfig: Setting CVar [[vr.InstancedStereo:0]]
[2025.03.18-09.39.07:834][  0]LogConfig: Setting CVar [[r.MobileHDR:1]]
[2025.03.18-09.39.07:834][  0]LogConfig: Setting CVar [[vr.MobileMultiView:0]]
[2025.03.18-09.39.07:834][  0]LogConfig: Setting CVar [[r.Mobile.UseHWsRGBEncoding:0]]
[2025.03.18-09.39.07:834][  0]LogConfig: Setting CVar [[vr.RoundRobinOcclusion:0]]
[2025.03.18-09.39.07:834][  0]LogConfig: Setting CVar [[vr.ODSCapture:0]]
[2025.03.18-09.39.07:834][  0]LogConfig: Setting CVar [[r.MeshStreaming:0]]
[2025.03.18-09.39.07:834][  0]LogConfig: Setting CVar [[r.WireframeCullThreshold:5.000000]]
[2025.03.18-09.39.07:834][  0]LogConfig: Setting CVar [[r.RayTracing:0]]
[2025.03.18-09.39.07:834][  0]LogConfig: Setting CVar [[r.RayTracing.UseTextureLod:0]]
[2025.03.18-09.39.07:834][  0]LogConfig: Setting CVar [[r.SupportStationarySkylight:1]]
[2025.03.18-09.39.07:834][  0]LogConfig: Setting CVar [[r.SupportLowQualityLightmaps:1]]
[2025.03.18-09.39.07:834][  0]LogConfig: Setting CVar [[r.SupportPointLightWholeSceneShadows:1]]
[2025.03.18-09.39.07:834][  0]LogConfig: Setting CVar [[r.SupportAtmosphericFog:1]]
[2025.03.18-09.39.07:834][  0]LogConfig: Setting CVar [[r.SupportSkyAtmosphere:1]]
[2025.03.18-09.39.07:834][  0]LogConfig: Setting CVar [[r.SupportSkyAtmosphereAffectsHeightFog:0]]
[2025.03.18-09.39.07:834][  0]LogConfig: Setting CVar [[r.SkinCache.CompileShaders:0]]
[2025.03.18-09.39.07:834][  0]LogConfig: Setting CVar [[r.SkinCache.DefaultBehavior:1]]
[2025.03.18-09.39.07:834][  0]LogConfig: Setting CVar [[r.SkinCache.SceneMemoryLimitInMB:128.000000]]
[2025.03.18-09.39.07:835][  0]LogConfig: Setting CVar [[r.Mobile.EnableStaticAndCSMShadowReceivers:1]]
[2025.03.18-09.39.07:835][  0]LogConfig: Setting CVar [[r.Mobile.EnableMovableLightCSMShaderCulling:1]]
[2025.03.18-09.39.07:835][  0]LogConfig: Setting CVar [[r.Mobile.AllowDistanceFieldShadows:1]]
[2025.03.18-09.39.07:835][  0]LogConfig: Setting CVar [[r.Mobile.AllowMovableDirectionalLights:1]]
[2025.03.18-09.39.07:835][  0]LogConfig: Setting CVar [[r.MobileNumDynamicPointLights:4]]
[2025.03.18-09.39.07:835][  0]LogConfig: Setting CVar [[r.MobileDynamicPointLightsUseStaticBranch:1]]
[2025.03.18-09.39.07:835][  0]LogConfig: Setting CVar [[r.Mobile.EnableMovableSpotlights:0]]
[2025.03.18-09.39.07:835][  0]LogConfig: Setting CVar [[r.Mobile.EnableMovableSpotlightsShadow:0]]
[2025.03.18-09.39.07:835][  0]LogConfig: Setting CVar [[r.GPUSkin.Support16BitBoneIndex:0]]
[2025.03.18-09.39.07:835][  0]LogConfig: Setting CVar [[r.GPUSkin.Limit2BoneInfluences:0]]
[2025.03.18-09.39.07:835][  0]LogConfig: Setting CVar [[r.SupportDepthOnlyIndexBuffers:1]]
[2025.03.18-09.39.07:835][  0]LogConfig: Setting CVar [[r.SupportReversedIndexBuffers:1]]
[2025.03.18-09.39.07:835][  0]LogConfig: Setting CVar [[r.LightPropagationVolume:0]]
[2025.03.18-09.39.07:835][  0]LogConfig: Setting CVar [[r.Mobile.AmbientOcclusion:0]]
[2025.03.18-09.39.07:835][  0]LogConfig: Setting CVar [[r.GPUSkin.UnlimitedBoneInfluences:0]]
[2025.03.18-09.39.07:835][  0]LogConfig: Setting CVar [[r.GPUSkin.UnlimitedBoneInfluencesThreshold:8]]
[2025.03.18-09.39.07:835][  0]LogConfig: Setting CVar [[r.Mobile.PlanarReflectionMode:0]]
[2025.03.18-09.39.07:835][  0]LogConfig: Setting CVar [[r.Mobile.SupportsGen4TAA:0]]
[2025.03.18-09.39.07:835][  0]LogConfig: Applying CVar settings from Section [/Script/Engine.RendererOverrideSettings] File [C:/Game/KalayaAndroid/KalayaAndroid/Saved/Config/Windows/Engine.ini]
[2025.03.18-09.39.07:835][  0]LogConfig: Applying CVar settings from Section [/Script/Engine.StreamingSettings] File [C:/Game/KalayaAndroid/KalayaAndroid/Saved/Config/Windows/Engine.ini]
[2025.03.18-09.39.07:835][  0]LogConfig: Setting CVar [[s.MinBulkDataSizeForAsyncLoading:131072]]
[2025.03.18-09.39.07:835][  0]LogConfig: Setting CVar [[s.AsyncLoadingThreadEnabled:0]]
[2025.03.18-09.39.07:835][  0]LogConfig: Setting CVar [[s.EventDrivenLoaderEnabled:1]]
[2025.03.18-09.39.07:835][  0]LogConfig: Setting CVar [[s.WarnIfTimeLimitExceeded:0]]
[2025.03.18-09.39.07:835][  0]LogConfig: Setting CVar [[s.TimeLimitExceededMultiplier:1.5]]
[2025.03.18-09.39.07:835][  0]LogConfig: Setting CVar [[s.TimeLimitExceededMinTime:0.005]]
[2025.03.18-09.39.07:835][  0]LogConfig: Setting CVar [[s.UseBackgroundLevelStreaming:1]]
[2025.03.18-09.39.07:835][  0]LogConfig: Setting CVar [[s.PriorityAsyncLoadingExtraTime:15.0]]
[2025.03.18-09.39.07:835][  0]LogConfig: Setting CVar [[s.LevelStreamingActorsUpdateTimeLimit:5.0]]
[2025.03.18-09.39.07:835][  0]LogConfig: Setting CVar [[s.PriorityLevelStreamingActorsUpdateExtraTime:5.0]]
[2025.03.18-09.39.07:835][  0]LogConfig: Setting CVar [[s.LevelStreamingComponentsRegistrationGranularity:10]]
[2025.03.18-09.39.07:835][  0]LogConfig: Setting CVar [[s.UnregisterComponentsTimeLimit:1.0]]
[2025.03.18-09.39.07:835][  0]LogConfig: Setting CVar [[s.LevelStreamingComponentsUnregistrationGranularity:5]]
[2025.03.18-09.39.07:835][  0]LogConfig: Setting CVar [[s.FlushStreamingOnExit:1]]
[2025.03.18-09.39.07:835][  0]LogConfig: Applying CVar settings from Section [/Script/Engine.GarbageCollectionSettings] File [C:/Game/KalayaAndroid/KalayaAndroid/Saved/Config/Windows/Engine.ini]
[2025.03.18-09.39.07:835][  0]LogConfig: Setting CVar [[gc.MaxObjectsNotConsideredByGC:1]]
[2025.03.18-09.39.07:835][  0]LogConfig: Setting CVar [[gc.SizeOfPermanentObjectPool:0]]
[2025.03.18-09.39.07:835][  0]LogConfig: Setting CVar [[gc.FlushStreamingOnGC:0]]
[2025.03.18-09.39.07:835][  0]LogConfig: Setting CVar [[gc.NumRetriesBeforeForcingGC:10]]
[2025.03.18-09.39.07:835][  0]LogConfig: Setting CVar [[gc.AllowParallelGC:1]]
[2025.03.18-09.39.07:835][  0]LogConfig: Setting CVar [[gc.TimeBetweenPurgingPendingKillObjects:61.1]]
[2025.03.18-09.39.07:835][  0]LogConfig: Setting CVar [[gc.MaxObjectsInEditor:25165824]]
[2025.03.18-09.39.07:835][  0]LogConfig: Setting CVar [[gc.IncrementalBeginDestroyEnabled:1]]
[2025.03.18-09.39.07:835][  0]LogConfig: Setting CVar [[gc.CreateGCClusters:1]]
[2025.03.18-09.39.07:835][  0]LogConfig: Setting CVar [[gc.MinGCClusterSize:5]]
[2025.03.18-09.39.07:835][  0]LogConfig: Setting CVar [[gc.ActorClusteringEnabled:0]]
[2025.03.18-09.39.07:835][  0]LogConfig: Setting CVar [[gc.BlueprintClusteringEnabled:0]]
[2025.03.18-09.39.07:835][  0]LogConfig: Setting CVar [[gc.UseDisregardForGCOnDedicatedServers:0]]
[2025.03.18-09.39.07:835][  0]LogConfig: Setting CVar [[gc.MultithreadedDestructionEnabled:1]]
[2025.03.18-09.39.07:835][  0]LogConfig: Applying CVar settings from Section [/Script/Engine.NetworkSettings] File [C:/Game/KalayaAndroid/KalayaAndroid/Saved/Config/Windows/Engine.ini]
[2025.03.18-09.39.07:835][  0]LogConfig: Applying CVar settings from Section [/Script/UnrealEd.CookerSettings] File [C:/Game/KalayaAndroid/KalayaAndroid/Saved/Config/Windows/Engine.ini]
[2025.03.18-09.39.07:839][  0]LogConfig: Applying CVar settings from Section [ViewDistanceQuality@3] File [C:/Game/KalayaAndroid/KalayaAndroid/Saved/Config/Windows/Scalability.ini]
[2025.03.18-09.39.07:839][  0]LogConfig: Setting CVar [[r.SkeletalMeshLODBias:0]]
[2025.03.18-09.39.07:839][  0]LogConfig: Setting CVar [[r.ViewDistanceScale:1.0]]
[2025.03.18-09.39.07:839][  0]LogConfig: Applying CVar settings from Section [AntiAliasingQuality@3] File [C:/Game/KalayaAndroid/KalayaAndroid/Saved/Config/Windows/Scalability.ini]
[2025.03.18-09.39.07:839][  0]LogConfig: Setting CVar [[r.PostProcessAAQuality:4]]
[2025.03.18-09.39.07:839][  0]LogConfig: Applying CVar settings from Section [ShadowQuality@3] File [C:/Game/KalayaAndroid/KalayaAndroid/Saved/Config/Windows/Scalability.ini]
[2025.03.18-09.39.07:839][  0]LogConfig: Setting CVar [[r.LightFunctionQuality:1]]
[2025.03.18-09.39.07:839][  0]LogConfig: Setting CVar [[r.ShadowQuality:5]]
[2025.03.18-09.39.07:839][  0]LogConfig: Setting CVar [[r.Shadow.CSM.MaxCascades:10]]
[2025.03.18-09.39.07:839][  0]LogConfig: Setting CVar [[r.Shadow.MaxResolution:2048]]
[2025.03.18-09.39.07:839][  0]LogConfig: Setting CVar [[r.Shadow.MaxCSMResolution:2048]]
[2025.03.18-09.39.07:839][  0]LogConfig: Setting CVar [[r.Shadow.RadiusThreshold:0.01]]
[2025.03.18-09.39.07:839][  0]LogConfig: Setting CVar [[r.Shadow.DistanceScale:1.0]]
[2025.03.18-09.39.07:839][  0]LogConfig: Setting CVar [[r.Shadow.CSM.TransitionScale:1.0]]
[2025.03.18-09.39.07:839][  0]LogConfig: Setting CVar [[r.Shadow.PreShadowResolutionFactor:1.0]]
[2025.03.18-09.39.07:839][  0]LogConfig: Setting CVar [[r.DistanceFieldShadowing:1]]
[2025.03.18-09.39.07:839][  0]LogConfig: Setting CVar [[r.DistanceFieldAO:1]]
[2025.03.18-09.39.07:839][  0]LogConfig: Setting CVar [[r.AOQuality:2]]
[2025.03.18-09.39.07:839][  0]LogConfig: Setting CVar [[r.VolumetricFog:1]]
[2025.03.18-09.39.07:839][  0]LogConfig: Setting CVar [[r.VolumetricFog.GridPixelSize:8]]
[2025.03.18-09.39.07:839][  0]LogConfig: Setting CVar [[r.VolumetricFog.GridSizeZ:128]]
[2025.03.18-09.39.07:839][  0]LogConfig: Setting CVar [[r.VolumetricFog.HistoryMissSupersampleCount:4]]
[2025.03.18-09.39.07:839][  0]LogConfig: Setting CVar [[r.LightMaxDrawDistanceScale:1]]
[2025.03.18-09.39.07:839][  0]LogConfig: Setting CVar [[r.CapsuleShadows:1]]
[2025.03.18-09.39.07:839][  0]LogConfig: Applying CVar settings from Section [PostProcessQuality@3] File [C:/Game/KalayaAndroid/KalayaAndroid/Saved/Config/Windows/Scalability.ini]
[2025.03.18-09.39.07:839][  0]LogConfig: Setting CVar [[r.MotionBlurQuality:4]]
[2025.03.18-09.39.07:839][  0]LogConfig: Setting CVar [[r.AmbientOcclusionMipLevelFactor:0.4]]
[2025.03.18-09.39.07:839][  0]LogConfig: Setting CVar [[r.AmbientOcclusionMaxQuality:100]]
[2025.03.18-09.39.07:839][  0]LogConfig: Setting CVar [[r.AmbientOcclusionLevels:-1]]
[2025.03.18-09.39.07:839][  0]LogConfig: Setting CVar [[r.AmbientOcclusionRadiusScale:1.0]]
[2025.03.18-09.39.07:839][  0]LogConfig: Setting CVar [[r.DepthOfFieldQuality:2]]
[2025.03.18-09.39.07:839][  0]LogConfig: Setting CVar [[r.RenderTargetPoolMin:400]]
[2025.03.18-09.39.07:839][  0]LogConfig: Setting CVar [[r.LensFlareQuality:2]]
[2025.03.18-09.39.07:839][  0]LogConfig: Setting CVar [[r.SceneColorFringeQuality:1]]
[2025.03.18-09.39.07:839][  0]LogConfig: Setting CVar [[r.EyeAdaptationQuality:2]]
[2025.03.18-09.39.07:839][  0]LogConfig: Setting CVar [[r.BloomQuality:5]]
[2025.03.18-09.39.07:839][  0]LogConfig: Setting CVar [[r.FastBlurThreshold:100]]
[2025.03.18-09.39.07:839][  0]LogConfig: Setting CVar [[r.Upscale.Quality:3]]
[2025.03.18-09.39.07:839][  0]LogConfig: Setting CVar [[r.Tonemapper.GrainQuantization:1]]
[2025.03.18-09.39.07:839][  0]LogConfig: Setting CVar [[r.LightShaftQuality:1]]
[2025.03.18-09.39.07:839][  0]LogConfig: Setting CVar [[r.Filter.SizeScale:1]]
[2025.03.18-09.39.07:839][  0]LogConfig: Setting CVar [[r.Tonemapper.Quality:5]]
[2025.03.18-09.39.07:839][  0]LogConfig: Setting CVar [[r.DOF.Gather.AccumulatorQuality:1        ; higher gathering accumulator quality]]
[2025.03.18-09.39.07:839][  0]LogConfig: Setting CVar [[r.DOF.Gather.PostfilterMethod:1          ; Median3x3 postfilering method]]
[2025.03.18-09.39.07:839][  0]LogConfig: Setting CVar [[r.DOF.Gather.EnableBokehSettings:0       ; no bokeh simulation when gathering]]
[2025.03.18-09.39.07:839][  0]LogConfig: Setting CVar [[r.DOF.Gather.RingCount:4                 ; medium number of samples when gathering]]
[2025.03.18-09.39.07:839][  0]LogConfig: Setting CVar [[r.DOF.Scatter.ForegroundCompositing:1    ; additive foreground scattering]]
[2025.03.18-09.39.07:839][  0]LogConfig: Setting CVar [[r.DOF.Scatter.BackgroundCompositing:2    ; additive background scattering]]
[2025.03.18-09.39.07:839][  0]LogConfig: Setting CVar [[r.DOF.Scatter.EnableBokehSettings:1      ; bokeh simulation when scattering]]
[2025.03.18-09.39.07:839][  0]LogConfig: Setting CVar [[r.DOF.Scatter.MaxSpriteRatio:0.1         ; only a maximum of 10% of scattered bokeh]]
[2025.03.18-09.39.07:839][  0]LogConfig: Setting CVar [[r.DOF.Recombine.Quality:1                ; cheap slight out of focus]]
[2025.03.18-09.39.07:839][  0]LogConfig: Setting CVar [[r.DOF.Recombine.EnableBokehSettings:0    ; no bokeh simulation on slight out of focus]]
[2025.03.18-09.39.07:839][  0]LogConfig: Setting CVar [[r.DOF.TemporalAAQuality:1                ; more stable temporal accumulation]]
[2025.03.18-09.39.07:839][  0]LogConfig: Setting CVar [[r.DOF.Kernel.MaxForegroundRadius:0.025]]
[2025.03.18-09.39.07:839][  0]LogConfig: Setting CVar [[r.DOF.Kernel.MaxBackgroundRadius:0.025]]
[2025.03.18-09.39.07:839][  0]LogConfig: Applying CVar settings from Section [TextureQuality@3] File [C:/Game/KalayaAndroid/KalayaAndroid/Saved/Config/Windows/Scalability.ini]
[2025.03.18-09.39.07:839][  0]LogConfig: Setting CVar [[r.Streaming.MipBias:0]]
[2025.03.18-09.39.07:839][  0]LogConfig: Setting CVar [[r.Streaming.AmortizeCPUToGPUCopy:0]]
[2025.03.18-09.39.07:839][  0]LogConfig: Setting CVar [[r.Streaming.MaxNumTexturesToStreamPerFrame:0]]
[2025.03.18-09.39.07:839][  0]LogConfig: Setting CVar [[r.Streaming.Boost:1]]
[2025.03.18-09.39.07:839][  0]LogConfig: Setting CVar [[r.MaxAnisotropy:8]]
[2025.03.18-09.39.07:839][  0]LogConfig: Setting CVar [[r.VT.MaxAnisotropy:8]]
[2025.03.18-09.39.07:839][  0]LogConfig: Setting CVar [[r.Streaming.LimitPoolSizeToVRAM:0]]
[2025.03.18-09.39.07:839][  0]LogConfig: Setting CVar [[r.Streaming.PoolSize:1000]]
[2025.03.18-09.39.07:839][  0]LogConfig: Setting CVar [[r.Streaming.MaxEffectiveScreenSize:0]]
[2025.03.18-09.39.07:839][  0]LogConfig: Applying CVar settings from Section [EffectsQuality@3] File [C:/Game/KalayaAndroid/KalayaAndroid/Saved/Config/Windows/Scalability.ini]
[2025.03.18-09.39.07:840][  0]LogConfig: Setting CVar [[r.TranslucencyLightingVolumeDim:64]]
[2025.03.18-09.39.07:840][  0]LogConfig: Setting CVar [[r.RefractionQuality:2]]
[2025.03.18-09.39.07:840][  0]LogConfig: Setting CVar [[r.SSR.Quality:3]]
[2025.03.18-09.39.07:840][  0]LogConfig: Setting CVar [[r.SSR.HalfResSceneColor:0]]
[2025.03.18-09.39.07:840][  0]LogConfig: Setting CVar [[r.SceneColorFormat:4]]
[2025.03.18-09.39.07:840][  0]LogConfig: Setting CVar [[r.DetailMode:2]]
[2025.03.18-09.39.07:840][  0]LogConfig: Setting CVar [[r.TranslucencyVolumeBlur:1]]
[2025.03.18-09.39.07:840][  0]LogConfig: Setting CVar [[r.MaterialQualityLevel:1 ; High quality]]
[2025.03.18-09.39.07:840][  0]LogConfig: Setting CVar [[r.AnisotropicMaterials:1]]
[2025.03.18-09.39.07:840][  0]LogConfig: Setting CVar [[r.SSS.Scale:1]]
[2025.03.18-09.39.07:840][  0]LogConfig: Setting CVar [[r.SSS.SampleSet:2]]
[2025.03.18-09.39.07:840][  0]LogConfig: Setting CVar [[r.SSS.Quality:1]]
[2025.03.18-09.39.07:840][  0]LogConfig: Setting CVar [[r.SSS.HalfRes:0]]
[2025.03.18-09.39.07:840][  0]LogConfig: Setting CVar [[r.SSGI.Quality:3]]
[2025.03.18-09.39.07:840][  0]LogConfig: Setting CVar [[r.EmitterSpawnRateScale:1.0]]
[2025.03.18-09.39.07:840][  0]LogConfig: Setting CVar [[r.ParticleLightQuality:2]]
[2025.03.18-09.39.07:840][  0]LogConfig: Setting CVar [[r.SkyAtmosphere.AerialPerspectiveLUT.FastApplyOnOpaque:1 ; Always have FastSkyLUT 1 in this case to avoid wrong sky]]
[2025.03.18-09.39.07:840][  0]LogConfig: Setting CVar [[r.SkyAtmosphere.AerialPerspectiveLUT.SampleCountMaxPerSlice:4]]
[2025.03.18-09.39.07:840][  0]LogConfig: Setting CVar [[r.SkyAtmosphere.AerialPerspectiveLUT.DepthResolution:16.0]]
[2025.03.18-09.39.07:840][  0]LogConfig: Setting CVar [[r.SkyAtmosphere.FastSkyLUT:1]]
[2025.03.18-09.39.07:840][  0]LogConfig: Setting CVar [[r.SkyAtmosphere.FastSkyLUT.SampleCountMin:4.0]]
[2025.03.18-09.39.07:840][  0]LogConfig: Setting CVar [[r.SkyAtmosphere.FastSkyLUT.SampleCountMax:128.0]]
[2025.03.18-09.39.07:840][  0]LogConfig: Setting CVar [[r.SkyAtmosphere.SampleCountMin:4.0]]
[2025.03.18-09.39.07:840][  0]LogConfig: Setting CVar [[r.SkyAtmosphere.SampleCountMax:128.0]]
[2025.03.18-09.39.07:840][  0]LogConfig: Setting CVar [[r.SkyAtmosphere.TransmittanceLUT.UseSmallFormat:0]]
[2025.03.18-09.39.07:840][  0]LogConfig: Setting CVar [[r.SkyAtmosphere.TransmittanceLUT.SampleCount:10.0]]
[2025.03.18-09.39.07:840][  0]LogConfig: Setting CVar [[r.SkyAtmosphere.MultiScatteringLUT.SampleCount:15.0]]
[2025.03.18-09.39.07:840][  0]LogConfig: Setting CVar [[r.SkyLight.RealTimeReflectionCapture:1]]
[2025.03.18-09.39.07:840][  0]LogConfig: Setting CVar [[fx.Niagara.QualityLevel:3]]
[2025.03.18-09.39.07:840][  0]LogConfig: Applying CVar settings from Section [FoliageQuality@3] File [C:/Game/KalayaAndroid/KalayaAndroid/Saved/Config/Windows/Scalability.ini]
[2025.03.18-09.39.07:840][  0]LogConfig: Setting CVar [[foliage.DensityScale:1.0]]
[2025.03.18-09.39.07:840][  0]LogConfig: Setting CVar [[grass.DensityScale:1.0]]
[2025.03.18-09.39.07:840][  0]LogConfig: Applying CVar settings from Section [ShadingQuality@3] File [C:/Game/KalayaAndroid/KalayaAndroid/Saved/Config/Windows/Scalability.ini]
[2025.03.18-09.39.07:840][  0]LogConfig: Setting CVar [[r.HairStrands.SkyLighting.IntegrationType:2]]
[2025.03.18-09.39.07:840][  0]LogConfig: Setting CVar [[r.HairStrands.SkyAO.SampleCount:4]]
[2025.03.18-09.39.07:840][  0]LogConfig: Setting CVar [[r.HairStrands.Visibility.MSAA.SamplePerPixel:4]]
[2025.03.18-09.39.07:840][  0]LogInit: Selected Device Profile: [Windows]
[2025.03.18-09.39.07:840][  0]LogInit: Applying CVar settings loaded from the selected device profile: [Windows]
[2025.03.18-09.39.07:840][  0]LogHAL: Display: Platform has ~ 8 GB [8301043712 / 8589934592 / 8], which maps to Default [LargestMinGB=32, LargerMinGB=12, DefaultMinGB=8, SmallerMinGB=6, SmallestMinGB=0)
[2025.03.18-09.39.07:840][  0]LogInit: Going up to parent DeviceProfile []
[2025.03.18-09.39.07:840][  0]LogConfig: Applying CVar settings from Section [ViewDistanceQuality@3] File [C:/Game/KalayaAndroid/KalayaAndroid/Saved/Config/Windows/Scalability.ini]
[2025.03.18-09.39.07:840][  0]LogConfig: Setting CVar [[r.SkeletalMeshLODBias:0]]
[2025.03.18-09.39.07:840][  0]LogConfig: Setting CVar [[r.ViewDistanceScale:1.0]]
[2025.03.18-09.39.07:840][  0]LogConfig: Applying CVar settings from Section [AntiAliasingQuality@3] File [C:/Game/KalayaAndroid/KalayaAndroid/Saved/Config/Windows/Scalability.ini]
[2025.03.18-09.39.07:840][  0]LogConfig: Setting CVar [[r.PostProcessAAQuality:4]]
[2025.03.18-09.39.07:840][  0]LogConfig: Applying CVar settings from Section [ShadowQuality@3] File [C:/Game/KalayaAndroid/KalayaAndroid/Saved/Config/Windows/Scalability.ini]
[2025.03.18-09.39.07:840][  0]LogConfig: Setting CVar [[r.LightFunctionQuality:1]]
[2025.03.18-09.39.07:840][  0]LogConfig: Setting CVar [[r.ShadowQuality:5]]
[2025.03.18-09.39.07:840][  0]LogConfig: Setting CVar [[r.Shadow.CSM.MaxCascades:10]]
[2025.03.18-09.39.07:840][  0]LogConfig: Setting CVar [[r.Shadow.MaxResolution:2048]]
[2025.03.18-09.39.07:840][  0]LogConfig: Setting CVar [[r.Shadow.MaxCSMResolution:2048]]
[2025.03.18-09.39.07:840][  0]LogConfig: Setting CVar [[r.Shadow.RadiusThreshold:0.01]]
[2025.03.18-09.39.07:840][  0]LogConfig: Setting CVar [[r.Shadow.DistanceScale:1.0]]
[2025.03.18-09.39.07:840][  0]LogConfig: Setting CVar [[r.Shadow.CSM.TransitionScale:1.0]]
[2025.03.18-09.39.07:840][  0]LogConfig: Setting CVar [[r.Shadow.PreShadowResolutionFactor:1.0]]
[2025.03.18-09.39.07:840][  0]LogConfig: Setting CVar [[r.DistanceFieldShadowing:1]]
[2025.03.18-09.39.07:840][  0]LogConfig: Setting CVar [[r.DistanceFieldAO:1]]
[2025.03.18-09.39.07:840][  0]LogConfig: Setting CVar [[r.AOQuality:2]]
[2025.03.18-09.39.07:840][  0]LogConfig: Setting CVar [[r.VolumetricFog:1]]
[2025.03.18-09.39.07:840][  0]LogConfig: Setting CVar [[r.VolumetricFog.GridPixelSize:8]]
[2025.03.18-09.39.07:840][  0]LogConfig: Setting CVar [[r.VolumetricFog.GridSizeZ:128]]
[2025.03.18-09.39.07:840][  0]LogConfig: Setting CVar [[r.VolumetricFog.HistoryMissSupersampleCount:4]]
[2025.03.18-09.39.07:840][  0]LogConfig: Setting CVar [[r.LightMaxDrawDistanceScale:1]]
[2025.03.18-09.39.07:840][  0]LogConfig: Setting CVar [[r.CapsuleShadows:1]]
[2025.03.18-09.39.07:840][  0]LogConfig: Applying CVar settings from Section [PostProcessQuality@3] File [C:/Game/KalayaAndroid/KalayaAndroid/Saved/Config/Windows/Scalability.ini]
[2025.03.18-09.39.07:840][  0]LogConfig: Setting CVar [[r.MotionBlurQuality:4]]
[2025.03.18-09.39.07:840][  0]LogConfig: Setting CVar [[r.AmbientOcclusionMipLevelFactor:0.4]]
[2025.03.18-09.39.07:840][  0]LogConfig: Setting CVar [[r.AmbientOcclusionMaxQuality:100]]
[2025.03.18-09.39.07:840][  0]LogConfig: Setting CVar [[r.AmbientOcclusionLevels:-1]]
[2025.03.18-09.39.07:840][  0]LogConfig: Setting CVar [[r.AmbientOcclusionRadiusScale:1.0]]
[2025.03.18-09.39.07:840][  0]LogConfig: Setting CVar [[r.DepthOfFieldQuality:2]]
[2025.03.18-09.39.07:840][  0]LogConfig: Setting CVar [[r.RenderTargetPoolMin:400]]
[2025.03.18-09.39.07:840][  0]LogConfig: Setting CVar [[r.LensFlareQuality:2]]
[2025.03.18-09.39.07:840][  0]LogConfig: Setting CVar [[r.SceneColorFringeQuality:1]]
[2025.03.18-09.39.07:840][  0]LogConfig: Setting CVar [[r.EyeAdaptationQuality:2]]
[2025.03.18-09.39.07:840][  0]LogConfig: Setting CVar [[r.BloomQuality:5]]
[2025.03.18-09.39.07:840][  0]LogConfig: Setting CVar [[r.FastBlurThreshold:100]]
[2025.03.18-09.39.07:840][  0]LogConfig: Setting CVar [[r.Upscale.Quality:3]]
[2025.03.18-09.39.07:840][  0]LogConfig: Setting CVar [[r.Tonemapper.GrainQuantization:1]]
[2025.03.18-09.39.07:840][  0]LogConfig: Setting CVar [[r.LightShaftQuality:1]]
[2025.03.18-09.39.07:840][  0]LogConfig: Setting CVar [[r.Filter.SizeScale:1]]
[2025.03.18-09.39.07:840][  0]LogConfig: Setting CVar [[r.Tonemapper.Quality:5]]
[2025.03.18-09.39.07:840][  0]LogConfig: Setting CVar [[r.DOF.Gather.AccumulatorQuality:1        ; higher gathering accumulator quality]]
[2025.03.18-09.39.07:840][  0]LogConfig: Setting CVar [[r.DOF.Gather.PostfilterMethod:1          ; Median3x3 postfilering method]]
[2025.03.18-09.39.07:840][  0]LogConfig: Setting CVar [[r.DOF.Gather.EnableBokehSettings:0       ; no bokeh simulation when gathering]]
[2025.03.18-09.39.07:840][  0]LogConfig: Setting CVar [[r.DOF.Gather.RingCount:4                 ; medium number of samples when gathering]]
[2025.03.18-09.39.07:841][  0]LogConfig: Setting CVar [[r.DOF.Scatter.ForegroundCompositing:1    ; additive foreground scattering]]
[2025.03.18-09.39.07:841][  0]LogConfig: Setting CVar [[r.DOF.Scatter.BackgroundCompositing:2    ; additive background scattering]]
[2025.03.18-09.39.07:841][  0]LogConfig: Setting CVar [[r.DOF.Scatter.EnableBokehSettings:1      ; bokeh simulation when scattering]]
[2025.03.18-09.39.07:841][  0]LogConfig: Setting CVar [[r.DOF.Scatter.MaxSpriteRatio:0.1         ; only a maximum of 10% of scattered bokeh]]
[2025.03.18-09.39.07:841][  0]LogConfig: Setting CVar [[r.DOF.Recombine.Quality:1                ; cheap slight out of focus]]
[2025.03.18-09.39.07:841][  0]LogConfig: Setting CVar [[r.DOF.Recombine.EnableBokehSettings:0    ; no bokeh simulation on slight out of focus]]
[2025.03.18-09.39.07:841][  0]LogConfig: Setting CVar [[r.DOF.TemporalAAQuality:1                ; more stable temporal accumulation]]
[2025.03.18-09.39.07:841][  0]LogConfig: Setting CVar [[r.DOF.Kernel.MaxForegroundRadius:0.025]]
[2025.03.18-09.39.07:841][  0]LogConfig: Setting CVar [[r.DOF.Kernel.MaxBackgroundRadius:0.025]]
[2025.03.18-09.39.07:841][  0]LogConfig: Applying CVar settings from Section [TextureQuality@3] File [C:/Game/KalayaAndroid/KalayaAndroid/Saved/Config/Windows/Scalability.ini]
[2025.03.18-09.39.07:841][  0]LogConfig: Setting CVar [[r.Streaming.MipBias:0]]
[2025.03.18-09.39.07:841][  0]LogConfig: Setting CVar [[r.Streaming.AmortizeCPUToGPUCopy:0]]
[2025.03.18-09.39.07:841][  0]LogConfig: Setting CVar [[r.Streaming.MaxNumTexturesToStreamPerFrame:0]]
[2025.03.18-09.39.07:841][  0]LogConfig: Setting CVar [[r.Streaming.Boost:1]]
[2025.03.18-09.39.07:841][  0]LogConfig: Setting CVar [[r.MaxAnisotropy:8]]
[2025.03.18-09.39.07:841][  0]LogConfig: Setting CVar [[r.VT.MaxAnisotropy:8]]
[2025.03.18-09.39.07:841][  0]LogConfig: Setting CVar [[r.Streaming.LimitPoolSizeToVRAM:0]]
[2025.03.18-09.39.07:841][  0]LogConfig: Setting CVar [[r.Streaming.PoolSize:1000]]
[2025.03.18-09.39.07:841][  0]LogConfig: Setting CVar [[r.Streaming.MaxEffectiveScreenSize:0]]
[2025.03.18-09.39.07:841][  0]LogConfig: Applying CVar settings from Section [EffectsQuality@3] File [C:/Game/KalayaAndroid/KalayaAndroid/Saved/Config/Windows/Scalability.ini]
[2025.03.18-09.39.07:841][  0]LogConfig: Setting CVar [[r.TranslucencyLightingVolumeDim:64]]
[2025.03.18-09.39.07:841][  0]LogConfig: Setting CVar [[r.RefractionQuality:2]]
[2025.03.18-09.39.07:841][  0]LogConfig: Setting CVar [[r.SSR.Quality:3]]
[2025.03.18-09.39.07:841][  0]LogConfig: Setting CVar [[r.SSR.HalfResSceneColor:0]]
[2025.03.18-09.39.07:841][  0]LogConfig: Setting CVar [[r.SceneColorFormat:4]]
[2025.03.18-09.39.07:841][  0]LogConfig: Setting CVar [[r.DetailMode:2]]
[2025.03.18-09.39.07:841][  0]LogConfig: Setting CVar [[r.TranslucencyVolumeBlur:1]]
[2025.03.18-09.39.07:841][  0]LogConfig: Setting CVar [[r.MaterialQualityLevel:1 ; High quality]]
[2025.03.18-09.39.07:841][  0]LogConfig: Setting CVar [[r.AnisotropicMaterials:1]]
[2025.03.18-09.39.07:841][  0]LogConfig: Setting CVar [[r.SSS.Scale:1]]
[2025.03.18-09.39.07:841][  0]LogConfig: Setting CVar [[r.SSS.SampleSet:2]]
[2025.03.18-09.39.07:841][  0]LogConfig: Setting CVar [[r.SSS.Quality:1]]
[2025.03.18-09.39.07:841][  0]LogConfig: Setting CVar [[r.SSS.HalfRes:0]]
[2025.03.18-09.39.07:841][  0]LogConfig: Setting CVar [[r.SSGI.Quality:3]]
[2025.03.18-09.39.07:841][  0]LogConfig: Setting CVar [[r.EmitterSpawnRateScale:1.0]]
[2025.03.18-09.39.07:841][  0]LogConfig: Setting CVar [[r.ParticleLightQuality:2]]
[2025.03.18-09.39.07:841][  0]LogConfig: Setting CVar [[r.SkyAtmosphere.AerialPerspectiveLUT.FastApplyOnOpaque:1 ; Always have FastSkyLUT 1 in this case to avoid wrong sky]]
[2025.03.18-09.39.07:841][  0]LogConfig: Setting CVar [[r.SkyAtmosphere.AerialPerspectiveLUT.SampleCountMaxPerSlice:4]]
[2025.03.18-09.39.07:841][  0]LogConfig: Setting CVar [[r.SkyAtmosphere.AerialPerspectiveLUT.DepthResolution:16.0]]
[2025.03.18-09.39.07:841][  0]LogConfig: Setting CVar [[r.SkyAtmosphere.FastSkyLUT:1]]
[2025.03.18-09.39.07:841][  0]LogConfig: Setting CVar [[r.SkyAtmosphere.FastSkyLUT.SampleCountMin:4.0]]
[2025.03.18-09.39.07:841][  0]LogConfig: Setting CVar [[r.SkyAtmosphere.FastSkyLUT.SampleCountMax:128.0]]
[2025.03.18-09.39.07:841][  0]LogConfig: Setting CVar [[r.SkyAtmosphere.SampleCountMin:4.0]]
[2025.03.18-09.39.07:841][  0]LogConfig: Setting CVar [[r.SkyAtmosphere.SampleCountMax:128.0]]
[2025.03.18-09.39.07:841][  0]LogConfig: Setting CVar [[r.SkyAtmosphere.TransmittanceLUT.UseSmallFormat:0]]
[2025.03.18-09.39.07:841][  0]LogConfig: Setting CVar [[r.SkyAtmosphere.TransmittanceLUT.SampleCount:10.0]]
[2025.03.18-09.39.07:841][  0]LogConfig: Setting CVar [[r.SkyAtmosphere.MultiScatteringLUT.SampleCount:15.0]]
[2025.03.18-09.39.07:841][  0]LogConfig: Setting CVar [[r.SkyLight.RealTimeReflectionCapture:1]]
[2025.03.18-09.39.07:841][  0]LogConfig: Setting CVar [[fx.Niagara.QualityLevel:3]]
[2025.03.18-09.39.07:841][  0]LogConfig: Applying CVar settings from Section [FoliageQuality@3] File [C:/Game/KalayaAndroid/KalayaAndroid/Saved/Config/Windows/Scalability.ini]
[2025.03.18-09.39.07:841][  0]LogConfig: Setting CVar [[foliage.DensityScale:1.0]]
[2025.03.18-09.39.07:841][  0]LogConfig: Setting CVar [[grass.DensityScale:1.0]]
[2025.03.18-09.39.07:841][  0]LogConfig: Applying CVar settings from Section [ShadingQuality@3] File [C:/Game/KalayaAndroid/KalayaAndroid/Saved/Config/Windows/Scalability.ini]
[2025.03.18-09.39.07:841][  0]LogConfig: Setting CVar [[r.HairStrands.SkyLighting.IntegrationType:2]]
[2025.03.18-09.39.07:841][  0]LogConfig: Setting CVar [[r.HairStrands.SkyAO.SampleCount:4]]
[2025.03.18-09.39.07:841][  0]LogConfig: Setting CVar [[r.HairStrands.Visibility.MSAA.SamplePerPixel:4]]
[2025.03.18-09.39.07:841][  0]LogConfig: Applying CVar settings from Section [Startup] File [../../../Engine/Config/ConsoleVariables.ini]
[2025.03.18-09.39.07:841][  0]LogConfig: Setting CVar [[net.UseAdaptiveNetUpdateFrequency:0]]
[2025.03.18-09.39.07:841][  0]LogConfig: Setting CVar [[p.chaos.AllowCreatePhysxBodies:1]]
[2025.03.18-09.39.07:841][  0]LogConfig: Setting CVar [[fx.SkipVectorVMBackendOptimizations:1]]
[2025.03.18-09.39.07:841][  0]LogConfig: Applying CVar settings from Section [ConsoleVariables] File [C:/Game/KalayaAndroid/KalayaAndroid/Saved/Config/Windows/Engine.ini]
[2025.03.18-09.39.07:841][  0]LogConfig: Applying CVar settings from Section [ConsoleVariables] File [C:/Game/KalayaAndroid/KalayaAndroid/Saved/Config/Windows/Editor.ini]
[2025.03.18-09.39.07:842][  0]LogInit: Computer: LAPTOP-BDP7A9UI
[2025.03.18-09.39.07:842][  0]LogInit: User: AlexisJake
[2025.03.18-09.39.07:842][  0]LogInit: CPU Page size=4096, Cores=6
[2025.03.18-09.39.07:842][  0]LogInit: High frequency timer resolution =10.000000 MHz
[2025.03.18-09.39.07:842][  0]LogMemory: Memory total: Physical=7.7GB (8GB approx)
[2025.03.18-09.39.07:842][  0]LogMemory: Platform Memory Stats for Windows
[2025.03.18-09.39.07:842][  0]LogMemory: Process Physical Memory: 146.52 MB used, 146.52 MB peak
[2025.03.18-09.39.07:842][  0]LogMemory: Process Virtual Memory: 125.38 MB used, 125.38 MB peak
[2025.03.18-09.39.07:842][  0]LogMemory: Physical Memory: 7463.96 MB used,  452.53 MB free, 7916.49 MB total
[2025.03.18-09.39.07:842][  0]LogMemory: Virtual Memory: 134210936.00 MB used,  6793.19 MB free, 134217728.00 MB total
[2025.03.18-09.39.07:845][  0]LogWindows: WindowsPlatformFeatures enabled
[2025.03.18-09.39.08:237][  0]LogInit: Physics initialised using underlying interface: PhysX
[2025.03.18-09.39.08:238][  0]LogInit: Using OS detected language (en-US).
[2025.03.18-09.39.08:238][  0]LogInit: Using OS detected locale (en-PH).
[2025.03.18-09.39.08:268][  0]LogTextLocalizationManager: No specific localization for 'en-US' exists, so the 'en' localization will be used.
[2025.03.18-09.39.08:978][  0]LogWindowsTextInputMethodSystem: Display: IME system deactivated.
[2025.03.18-09.39.09:101][  0]LogSlate: New Slate User Created.  User Index 0, Is Virtual User: 0
[2025.03.18-09.39.09:101][  0]LogSlate: Slate User Registered.  User Index 0, Is Virtual User: 0
[2025.03.18-09.39.09:152][  0]LogD3D11RHI: Loaded GFSDK_Aftermath_Lib.x64.dll
[2025.03.18-09.39.09:158][  0]LogHMD: Failed to initialize OpenVR with code 110
[2025.03.18-09.39.09:158][  0]LogD3D11RHI: D3D11 min allowed feature level: 11_0
[2025.03.18-09.39.09:158][  0]LogD3D11RHI: D3D11 max allowed feature level: 11_0
[2025.03.18-09.39.09:158][  0]LogD3D11RHI: D3D11 adapters:
[2025.03.18-09.39.09:340][  0]LogD3D11RHI:    0. 'Intel(R) UHD Graphics' (Feature Level 11_0)
[2025.03.18-09.39.09:340][  0]LogD3D11RHI:       128/0/3958 MB DedicatedVideo/DedicatedSystem/SharedSystem, Outputs:1, VendorId:0x8086
[2025.03.18-09.39.09:352][  0]LogD3D11RHI:    1. 'Microsoft Basic Render Driver' (Feature Level 11_0)
[2025.03.18-09.39.09:352][  0]LogD3D11RHI:       0/0/3958 MB DedicatedVideo/DedicatedSystem/SharedSystem, Outputs:0, VendorId:0x1414
[2025.03.18-09.39.09:352][  0]LogD3D11RHI: Chosen D3D11 Adapter:
[2025.03.18-09.39.09:352][  0]LogD3D11RHI:     Description : Intel(R) UHD Graphics
[2025.03.18-09.39.09:352][  0]LogD3D11RHI:     VendorId    : 8086
[2025.03.18-09.39.09:352][  0]LogD3D11RHI:     DeviceId    : 46b3
[2025.03.18-09.39.09:352][  0]LogD3D11RHI:     SubSysId    : 3b3a17aa
[2025.03.18-09.39.09:352][  0]LogD3D11RHI:     Revision    : 000c
[2025.03.18-09.39.09:352][  0]LogD3D11RHI:     DedicatedVideoMemory : 134217728 bytes
[2025.03.18-09.39.09:352][  0]LogD3D11RHI:     DedicatedSystemMemory : 0 bytes
[2025.03.18-09.39.09:352][  0]LogD3D11RHI:     SharedSystemMemory : 4150521856 bytes
[2025.03.18-09.39.09:352][  0]LogD3D11RHI:     AdapterLuid : 0 58102
[2025.03.18-09.39.09:360][  0]LogD3D11RHI: Creating new Direct3DDevice
[2025.03.18-09.39.09:360][  0]LogD3D11RHI:     GPU DeviceId: 0x46b3 (for the marketing name, search the web for "GPU Device Id")
[2025.03.18-09.39.09:360][  0]LogWindows: EnumDisplayDevices:
[2025.03.18-09.39.09:360][  0]LogWindows:    0. 'Intel(R) UHD Graphics' (P:1 D:1)
[2025.03.18-09.39.09:360][  0]LogWindows:    1. 'Intel(R) UHD Graphics' (P:0 D:0)
[2025.03.18-09.39.09:361][  0]LogWindows:    2. 'Intel(R) UHD Graphics' (P:0 D:0)
[2025.03.18-09.39.09:361][  0]LogWindows:    3. 'Intel(R) UHD Graphics' (P:0 D:0)
[2025.03.18-09.39.09:361][  0]LogWindows: DebugString: FoundDriverCount:4 
[2025.03.18-09.39.09:361][  0]LogD3D11RHI:     Adapter Name: Intel(R) UHD Graphics
[2025.03.18-09.39.09:361][  0]LogD3D11RHI:   Driver Version: 32.0.101.6129 (internal:32.0.101.6129, unified:32.0.101.6129)
[2025.03.18-09.39.09:361][  0]LogD3D11RHI:      Driver Date: 11-21-2024
[2025.03.18-09.39.09:361][  0]LogRHI: Texture pool is 1474 MB (70% of 2107 MB)
[2025.03.18-09.39.09:405][  0]LogD3D11RHI: Creating D3DDevice using adapter:
[2025.03.18-09.39.09:405][  0]LogD3D11RHI:     Description : Intel(R) UHD Graphics
[2025.03.18-09.39.09:405][  0]LogD3D11RHI:     VendorId    : 8086
[2025.03.18-09.39.09:405][  0]LogD3D11RHI:     DeviceId    : 46b3
[2025.03.18-09.39.09:405][  0]LogD3D11RHI:     SubSysId    : 3b3a17aa
[2025.03.18-09.39.09:405][  0]LogD3D11RHI:     Revision    : 000c
[2025.03.18-09.39.09:405][  0]LogD3D11RHI:     DedicatedVideoMemory : 134217728 bytes
[2025.03.18-09.39.09:405][  0]LogD3D11RHI:     DedicatedSystemMemory : 0 bytes
[2025.03.18-09.39.09:405][  0]LogD3D11RHI:     SharedSystemMemory : 4150521856 bytes
[2025.03.18-09.39.09:405][  0]LogD3D11RHI:     AdapterLuid : 0 58102
[2025.03.18-09.39.09:544][  0]LogD3D11RHI: RHI does not have support for 64 bit atomics
[2025.03.18-09.39.09:570][  0]LogD3D11RHI: Intel Extensions support version Full=16777216, Major=1, Minor=0, Revision=0
[2025.03.18-09.39.09:570][  0]LogD3D11RHI: Intel Extensions support version Full=16777217, Major=1, Minor=0, Revision=1
[2025.03.18-09.39.09:571][  0]LogD3D11RHI: Intel Extensions Framework enabled
[2025.03.18-09.39.09:573][  0]LogD3D11RHI: [IntelMetricsDiscovery] Started
[2025.03.18-09.39.09:573][  0]LogD3D11RHI: Async texture creation enabled
[2025.03.18-09.39.09:573][  0]LogD3D11RHI: Array index from any shader is supported
[2025.03.18-09.39.09:608][  0]LogD3D11RHI: GPU Timing Frequency: 19.200000 (Debug: 2 0)
[2025.03.18-09.39.10:096][  0]LogTargetPlatformManager: Display: Loaded TargetPlatform 'WindowsNoEditor'
[2025.03.18-09.39.10:101][  0]LogTargetPlatformManager: Display: Loaded TargetPlatform 'Windows'
[2025.03.18-09.39.10:107][  0]LogTargetPlatformManager: Display: Loaded TargetPlatform 'WindowsClient'
[2025.03.18-09.39.10:112][  0]LogTargetPlatformManager: Display: Loaded TargetPlatform 'WindowsServer'
[2025.03.18-09.39.10:112][  0]LogTargetPlatformManager: Display: Building Assets For Windows
[2025.03.18-09.39.10:202][  0]LogAudioDebug: Display: Lib vorbis DLL was dynamically loaded.
[2025.03.18-09.39.10:314][  0]LogTextureFormatOodle: Display: Oodle Texture 2.9.0 init RDO Off
[2025.03.18-09.39.10:449][  0]LogRendererCore: Ray tracing is disabled. Reason: r.RayTracing=0.
[2025.03.18-09.39.10:449][  0]LogShaderCompilers: Guid format shader working directory is 0 characters bigger than the processId version (../../../../../../Game/KalayaAndroid/KalayaAndroid/Intermediate/Shaders/WorkingDirectory/22212/).
[2025.03.18-09.39.10:449][  0]LogShaderCompilers: Cleaned the shader compiler working directory 'C:/Users/AlexisJake/AppData/Local/Temp/UnrealShaderWorkingDir/248034F64A2766CBABFB86B5D0D86C74/'.
[2025.03.18-09.39.10:450][  0]LogXGEController: Cannot use XGE Controller as Incredibuild is not installed on this machine.
[2025.03.18-09.39.10:450][  0]LogShaderCompilers: Cannot use XGE Shader Compiler as Incredibuild is not installed on this machine.
[2025.03.18-09.39.10:450][  0]LogShaderCompilers: Display: Using Local Shader Compiler.
[2025.03.18-09.39.15:324][  0]LogDerivedDataCache: Display: Max Cache Size: 512 MB
[2025.03.18-09.39.15:558][  0]LogDerivedDataCache: Loaded boot cache 0.23s 99MB C:/Users/AlexisJake/AppData/Local/UnrealEngine/4.27/DerivedDataCache/Boot.ddc.
[2025.03.18-09.39.15:558][  0]LogDerivedDataCache: Display: Loaded Boot cache: C:/Users/AlexisJake/AppData/Local/UnrealEngine/4.27/DerivedDataCache/Boot.ddc
[2025.03.18-09.39.15:559][  0]LogDerivedDataCache: FDerivedDataBackendGraph:  Pak pak cache file ../../../../../../Game/KalayaAndroid/KalayaAndroid/DerivedDataCache/DDC.ddp not found, will not use a pak cache.
[2025.03.18-09.39.15:559][  0]LogDerivedDataCache: Unable to find inner node Pak for hierarchical cache Hierarchy.
[2025.03.18-09.39.15:559][  0]LogDerivedDataCache: FDerivedDataBackendGraph:  CompressedPak pak cache file ../../../../../../Game/KalayaAndroid/KalayaAndroid/DerivedDataCache/Compressed.ddp not found, will not use a pak cache.
[2025.03.18-09.39.15:559][  0]LogDerivedDataCache: Unable to find inner node CompressedPak for hierarchical cache Hierarchy.
[2025.03.18-09.39.15:627][  0]LogDerivedDataCache: Display: Pak cache opened for reading ../../../Engine/DerivedDataCache/Compressed.ddp.
[2025.03.18-09.39.15:627][  0]LogDerivedDataCache: FDerivedDataBackendGraph:  EnterprisePak pak cache file ../../../Enterprise/DerivedDataCache/Compressed.ddp not found, will not use a pak cache.
[2025.03.18-09.39.15:627][  0]LogDerivedDataCache: Unable to find inner node EnterprisePak for hierarchical cache Hierarchy.
[2025.03.18-09.39.15:742][  0]LogDerivedDataCache: Speed tests for C:/Users/AlexisJake/AppData/Local/UnrealEngine/Common/DerivedDataCache took 0.11 seconds
[2025.03.18-09.39.15:742][  0]LogDerivedDataCache: Display: Performance to C:/Users/AlexisJake/AppData/Local/UnrealEngine/Common/DerivedDataCache: Latency=0.18ms. RandomReadSpeed=8.98MBs, RandomWriteSpeed=104.72MBs. Assigned SpeedClass 'Local'
[2025.03.18-09.39.15:765][  0]LogDerivedDataCache: Using Local data cache path C:/Users/AlexisJake/AppData/Local/UnrealEngine/Common/DerivedDataCache: Writable
[2025.03.18-09.39.15:765][  0]LogDerivedDataCache: Shared data cache path not found in *engine.ini, will not use an Shared cache.
[2025.03.18-09.39.15:765][  0]LogDerivedDataCache: Unable to find inner node Shared for hierarchical cache Hierarchy.
[2025.03.18-09.39.16:350][  0]LogShaderCompilers: Display: Submitted 690 shader compile jobs with 'High' priority
[2025.03.18-09.39.16:353][  0]LogSlate: Using FreeType 2.10.0
[2025.03.18-09.39.16:425][  0]LogShaderCompilers: Display: Worker (1/5): shaders left to compile 690
[2025.03.18-09.39.16:426][  0]LogShaderCompilers: Display: Worker (2/5): shaders left to compile 680
[2025.03.18-09.39.16:426][  0]LogShaderCompilers: Display: Worker (3/5): shaders left to compile 670
[2025.03.18-09.39.16:426][  0]LogShaderCompilers: Display: Worker (4/5): shaders left to compile 660
[2025.03.18-09.39.16:426][  0]LogShaderCompilers: Display: Worker (5/5): shaders left to compile 650
[2025.03.18-09.39.16:426][  0]LogShaderCompilers: Display: Started 50 'Local' shader compile jobs with 'High' priority
[2025.03.18-09.39.16:426][  0]LogSlate: SlateFontServices - WITH_FREETYPE: 1, WITH_HARFBUZZ: 1
[2025.03.18-09.39.18:839][  0]LogShaderCompilers: Display: Worker (3/5): shaders left to compile 640
[2025.03.18-09.39.18:839][  0]LogShaderCompilers: Display: Started 10 'Local' shader compile jobs with 'High' priority
[2025.03.18-09.39.18:839][  0]LogShaderCompilers: Display: Worker (1/5): shaders left to compile 630
[2025.03.18-09.39.18:839][  0]LogShaderCompilers: Display: Started 10 'Local' shader compile jobs with 'High' priority
[2025.03.18-09.39.18:839][  0]LogShaderCompilers: Display: Worker (2/5): shaders left to compile 620
[2025.03.18-09.39.18:839][  0]LogShaderCompilers: Display: Worker (4/5): shaders left to compile 610
[2025.03.18-09.39.18:839][  0]LogShaderCompilers: Display: Started 20 'Local' shader compile jobs with 'High' priority
[2025.03.18-09.39.18:839][  0]LogShaderCompilers: Display: Worker (5/5): shaders left to compile 600
[2025.03.18-09.39.18:839][  0]LogShaderCompilers: Display: Started 10 'Local' shader compile jobs with 'High' priority
[2025.03.18-09.39.19:932][  0]LogShaderCompilers: Display: Worker (2/5): shaders left to compile 590
[2025.03.18-09.39.19:932][  0]LogShaderCompilers: Display: Started 10 'Local' shader compile jobs with 'High' priority
[2025.03.18-09.39.20:480][  0]LogShaderCompilers: Display: Worker (5/5): shaders left to compile 580
[2025.03.18-09.39.20:480][  0]LogShaderCompilers: Display: Started 10 'Local' shader compile jobs with 'High' priority
[2025.03.18-09.39.20:480][  0]LogShaderCompilers: Display: Worker (4/5): shaders left to compile 570
[2025.03.18-09.39.20:480][  0]LogShaderCompilers: Display: Started 10 'Local' shader compile jobs with 'High' priority
[2025.03.18-09.39.20:480][  0]LogShaderCompilers: Display: Worker (3/5): shaders left to compile 560
[2025.03.18-09.39.20:480][  0]LogShaderCompilers: Display: Started 10 'Local' shader compile jobs with 'High' priority
[2025.03.18-09.39.20:480][  0]LogShaderCompilers: Display: Worker (1/5): shaders left to compile 550
[2025.03.18-09.39.20:480][  0]LogShaderCompilers: Display: Started 10 'Local' shader compile jobs with 'High' priority
[2025.03.18-09.39.21:025][  0]LogShaderCompilers: Display: Worker (2/5): shaders left to compile 540
[2025.03.18-09.39.21:025][  0]LogShaderCompilers: Display: Started 10 'Local' shader compile jobs with 'High' priority
[2025.03.18-09.39.21:581][  0]LogShaderCompilers: Display: Worker (4/5): shaders left to compile 530
[2025.03.18-09.39.21:581][  0]LogShaderCompilers: Display: Started 10 'Local' shader compile jobs with 'High' priority
[2025.03.18-09.39.21:581][  0]LogShaderCompilers: Display: Worker (3/5): shaders left to compile 520
[2025.03.18-09.39.21:581][  0]LogShaderCompilers: Display: Started 10 'Local' shader compile jobs with 'High' priority
[2025.03.18-09.39.21:581][  0]LogShaderCompilers: Display: Worker (5/5): shaders left to compile 510
[2025.03.18-09.39.21:581][  0]LogShaderCompilers: Display: Started 10 'Local' shader compile jobs with 'High' priority
[2025.03.18-09.39.21:581][  0]LogShaderCompilers: Display: Worker (1/5): shaders left to compile 500
[2025.03.18-09.39.21:581][  0]LogShaderCompilers: Display: Started 10 'Local' shader compile jobs with 'High' priority
[2025.03.18-09.39.22:962][  0]LogShaderCompilers: Display: Worker (1/5): shaders left to compile 490
[2025.03.18-09.39.22:962][  0]LogShaderCompilers: Display: Started 10 'Local' shader compile jobs with 'High' priority
[2025.03.18-09.39.22:962][  0]LogShaderCompilers: Display: Worker (3/5): shaders left to compile 480
[2025.03.18-09.39.22:962][  0]LogShaderCompilers: Display: Started 10 'Local' shader compile jobs with 'High' priority
[2025.03.18-09.39.22:962][  0]LogShaderCompilers: Display: Worker (5/5): shaders left to compile 470
[2025.03.18-09.39.22:962][  0]LogShaderCompilers: Display: Started 10 'Local' shader compile jobs with 'High' priority
[2025.03.18-09.39.23:772][  0]LogShaderCompilers: Display: Worker (2/5): shaders left to compile 460
[2025.03.18-09.39.23:772][  0]LogShaderCompilers: Display: Started 10 'Local' shader compile jobs with 'High' priority
[2025.03.18-09.39.24:567][  0]LogShaderCompilers: Display: Worker (5/5): shaders left to compile 450
[2025.03.18-09.39.24:567][  0]LogShaderCompilers: Display: Started 10 'Local' shader compile jobs with 'High' priority
[2025.03.18-09.39.24:567][  0]LogShaderCompilers: Display: Worker (3/5): shaders left to compile 440
[2025.03.18-09.39.24:567][  0]LogShaderCompilers: Display: Started 10 'Local' shader compile jobs with 'High' priority
[2025.03.18-09.39.24:567][  0]LogShaderCompilers: Display: Worker (1/5): shaders left to compile 430
[2025.03.18-09.39.24:567][  0]LogShaderCompilers: Display: Started 10 'Local' shader compile jobs with 'High' priority
[2025.03.18-09.39.24:567][  0]LogShaderCompilers: Display: Worker (2/5): shaders left to compile 420
[2025.03.18-09.39.24:567][  0]LogShaderCompilers: Display: Started 10 'Local' shader compile jobs with 'High' priority
[2025.03.18-09.39.26:183][  0]LogShaderCompilers: Display: Worker (4/5): shaders left to compile 410
[2025.03.18-09.39.26:183][  0]LogShaderCompilers: Display: Started 10 'Local' shader compile jobs with 'High' priority
[2025.03.18-09.39.26:991][  0]LogShaderCompilers: Display: Worker (2/5): shaders left to compile 400
[2025.03.18-09.39.26:991][  0]LogShaderCompilers: Display: Started 10 'Local' shader compile jobs with 'High' priority
[2025.03.18-09.39.26:991][  0]LogShaderCompilers: Display: Worker (1/5): shaders left to compile 390
[2025.03.18-09.39.26:991][  0]LogShaderCompilers: Display: Started 10 'Local' shader compile jobs with 'High' priority
[2025.03.18-09.39.26:991][  0]LogShaderCompilers: Display: Worker (3/5): shaders left to compile 380
[2025.03.18-09.39.26:991][  0]LogShaderCompilers: Display: Started 10 'Local' shader compile jobs with 'High' priority
[2025.03.18-09.39.28:573][  0]LogShaderCompilers: Display: Worker (4/5): shaders left to compile 370
[2025.03.18-09.39.28:573][  0]LogShaderCompilers: Display: Started 10 'Local' shader compile jobs with 'High' priority
[2025.03.18-09.39.28:573][  0]LogShaderCompilers: Display: Worker (5/5): shaders left to compile 360
[2025.03.18-09.39.28:573][  0]LogShaderCompilers: Display: Started 10 'Local' shader compile jobs with 'High' priority
[2025.03.18-09.39.29:367][  0]LogShaderCompilers: Display: Worker (1/5): shaders left to compile 350
[2025.03.18-09.39.29:367][  0]LogShaderCompilers: Display: Worker (2/5): shaders left to compile 340
[2025.03.18-09.39.29:367][  0]LogShaderCompilers: Display: Worker (3/5): shaders left to compile 330
[2025.03.18-09.39.29:367][  0]LogShaderCompilers: Display: Started 30 'Local' shader compile jobs with 'High' priority
[2025.03.18-09.39.30:161][  0]LogShaderCompilers: Display: Worker (4/5): shaders left to compile 320
[2025.03.18-09.39.30:161][  0]LogShaderCompilers: Display: Started 10 'Local' shader compile jobs with 'High' priority
[2025.03.18-09.39.30:957][  0]LogShaderCompilers: Display: Worker (3/5): shaders left to compile 310
[2025.03.18-09.39.30:957][  0]LogShaderCompilers: Display: Started 10 'Local' shader compile jobs with 'High' priority
[2025.03.18-09.39.30:957][  0]LogShaderCompilers: Display: Worker (2/5): shaders left to compile 300
[2025.03.18-09.39.30:957][  0]LogShaderCompilers: Display: Started 10 'Local' shader compile jobs with 'High' priority
[2025.03.18-09.39.30:957][  0]LogShaderCompilers: Display: Worker (5/5): shaders left to compile 290
[2025.03.18-09.39.30:957][  0]LogShaderCompilers: Display: Started 10 'Local' shader compile jobs with 'High' priority
[2025.03.18-09.39.30:957][  0]LogShaderCompilers: Display: Worker (1/5): shaders left to compile 280
[2025.03.18-09.39.30:957][  0]LogShaderCompilers: Display: Started 10 'Local' shader compile jobs with 'High' priority
[2025.03.18-09.39.31:752][  0]LogShaderCompilers: Display: Worker (4/5): shaders left to compile 270
[2025.03.18-09.39.31:752][  0]LogShaderCompilers: Display: Started 10 'Local' shader compile jobs with 'High' priority
[2025.03.18-09.39.32:543][  0]LogShaderCompilers: Display: Worker (3/5): shaders left to compile 260
[2025.03.18-09.39.32:543][  0]LogShaderCompilers: Display: Started 10 'Local' shader compile jobs with 'High' priority
[2025.03.18-09.39.35:002][  0]LogShaderCompilers: Display: Worker (5/5): shaders left to compile 250
[2025.03.18-09.39.35:002][  0]LogShaderCompilers: Display: Started 10 'Local' shader compile jobs with 'High' priority
[2025.03.18-09.39.36:625][  0]LogShaderCompilers: Display: Worker (1/5): shaders left to compile 240
[2025.03.18-09.39.36:625][  0]LogShaderCompilers: Display: Started 10 'Local' shader compile jobs with 'High' priority
[2025.03.18-09.39.37:465][  0]LogShaderCompilers: Display: Worker (4/5): shaders left to compile 230
[2025.03.18-09.39.37:465][  0]LogShaderCompilers: Display: Started 10 'Local' shader compile jobs with 'High' priority
[2025.03.18-09.39.37:465][  0]LogShaderCompilers: Display: Worker (2/5): shaders left to compile 220
[2025.03.18-09.39.37:465][  0]LogShaderCompilers: Display: Started 10 'Local' shader compile jobs with 'High' priority
[2025.03.18-09.40.13:962][  0]LogShaderCompilers: Display: Worker (3/5): shaders left to compile 210
[2025.03.18-09.40.13:962][  0]LogShaderCompilers: Display: Started 10 'Local' shader compile jobs with 'High' priority
[2025.03.18-09.40.39:371][  0]LogShaderCompilers: Display: Worker (2/5): shaders left to compile 200
[2025.03.18-09.40.39:371][  0]LogShaderCompilers: Display: Started 10 'Local' shader compile jobs with 'High' priority
[2025.03.18-09.40.48:370][  0]LogShaderCompilers: Display: Worker (5/5): shaders left to compile 190
[2025.03.18-09.40.48:370][  0]LogShaderCompilers: Display: Started 10 'Local' shader compile jobs with 'High' priority
[2025.03.18-09.40.54:019][  0]LogShaderCompilers: Display: Worker (4/5): shaders left to compile 180
[2025.03.18-09.40.54:019][  0]LogShaderCompilers: Display: Started 10 'Local' shader compile jobs with 'High' priority
[2025.03.18-09.41.03:129][  0]LogShaderCompilers: Display: Worker (1/5): shaders left to compile 170
[2025.03.18-09.41.03:129][  0]LogShaderCompilers: Display: Started 10 'Local' shader compile jobs with 'High' priority
[2025.03.18-09.41.41:841][  0]LogShaderCompilers: Display: Worker (3/5): shaders left to compile 160
[2025.03.18-09.41.41:841][  0]LogShaderCompilers: Display: Started 10 'Local' shader compile jobs with 'High' priority
[2025.03.18-09.41.44:217][  0]LogShaderCompilers: Display: Worker (2/5): shaders left to compile 150
[2025.03.18-09.41.44:217][  0]LogShaderCompilers: Display: Started 10 'Local' shader compile jobs with 'High' priority
[2025.03.18-09.41.46:591][  0]LogShaderCompilers: Display: Worker (4/5): shaders left to compile 140
[2025.03.18-09.41.46:591][  0]LogShaderCompilers: Display: Started 10 'Local' shader compile jobs with 'High' priority
[2025.03.18-09.41.47:384][  0]LogShaderCompilers: Display: Worker (1/5): shaders left to compile 130
[2025.03.18-09.41.47:384][  0]LogShaderCompilers: Display: Started 10 'Local' shader compile jobs with 'High' priority
[2025.03.18-09.41.49:766][  0]LogShaderCompilers: Display: Worker (5/5): shaders left to compile 120
[2025.03.18-09.41.49:766][  0]LogShaderCompilers: Display: Started 10 'Local' shader compile jobs with 'High' priority
[2025.03.18-09.41.52:936][  0]LogShaderCompilers: Display: Worker (2/5): shaders left to compile 110
[2025.03.18-09.41.52:936][  0]LogShaderCompilers: Display: Started 10 'Local' shader compile jobs with 'High' priority
[2025.03.18-09.42.04:390][  0]LogShaderCompilers: Display: Worker (3/5): shaders left to compile 100
[2025.03.18-09.42.04:390][  0]LogShaderCompilers: Display: Started 10 'Local' shader compile jobs with 'High' priority
[2025.03.18-09.42.13:242][  0]LogShaderCompilers: Display: Worker (1/5): shaders left to compile 90
[2025.03.18-09.42.13:242][  0]LogShaderCompilers: Display: Started 10 'Local' shader compile jobs with 'High' priority
[2025.03.18-09.42.14:035][  0]LogShaderCompilers: Display: Worker (4/5): shaders left to compile 80
[2025.03.18-09.42.14:035][  0]LogShaderCompilers: Display: Started 10 'Local' shader compile jobs with 'High' priority
[2025.03.18-09.42.23:873][  0]LogShaderCompilers: Display: Worker (1/5): shaders left to compile 70
[2025.03.18-09.42.23:873][  0]LogShaderCompilers: Display: Started 10 'Local' shader compile jobs with 'High' priority
[2025.03.18-09.42.34:372][  0]LogShaderCompilers: Display: Worker (3/5): shaders left to compile 60
[2025.03.18-09.42.34:372][  0]LogShaderCompilers: Display: Started 10 'Local' shader compile jobs with 'High' priority
[2025.03.18-09.42.34:372][  0]LogShaderCompilers: Display: Worker (1/5): shaders left to compile 50
[2025.03.18-09.42.34:372][  0]LogShaderCompilers: Display: Started 10 'Local' shader compile jobs with 'High' priority
[2025.03.18-09.42.39:941][  0]LogShaderCompilers: Display: Worker (3/5): shaders left to compile 40
[2025.03.18-09.42.39:941][  0]LogShaderCompilers: Display: Started 9 'Local' shader compile jobs with 'High' priority
[2025.03.18-09.42.39:941][  0]LogShaderCompilers: Display: Worker (5/5): shaders left to compile 31
[2025.03.18-09.42.39:941][  0]LogShaderCompilers: Display: Started 7 'Local' shader compile jobs with 'High' priority
[2025.03.18-09.42.39:941][  0]LogShaderCompilers: Display: Worker (1/5): shaders left to compile 24
[2025.03.18-09.42.39:941][  0]LogShaderCompilers: Display: Started 5 'Local' shader compile jobs with 'High' priority
[2025.03.18-09.42.43:129][  0]LogShaderCompilers: Display: Worker (1/5): shaders left to compile 19
[2025.03.18-09.42.43:129][  0]LogShaderCompilers: Display: Started 4 'Local' shader compile jobs with 'High' priority
[2025.03.18-09.42.46:365][  0]LogShaderCompilers: Display: Worker (5/5): shaders left to compile 15
[2025.03.18-09.42.46:365][  0]LogShaderCompilers: Display: Started 4 'Local' shader compile jobs with 'High' priority
[2025.03.18-09.42.49:688][  0]LogShaderCompilers: Display: Worker (3/5): shaders left to compile 11
[2025.03.18-09.42.49:688][  0]LogShaderCompilers: Display: Started 3 'Local' shader compile jobs with 'High' priority
[2025.03.18-09.42.50:474][  0]LogShaderCompilers: Display: Worker (1/5): shaders left to compile 8
[2025.03.18-09.42.50:474][  0]LogShaderCompilers: Display: Started 2 'Local' shader compile jobs with 'High' priority
[2025.03.18-09.42.51:287][  0]LogShaderCompilers: Display: Worker (1/5): shaders left to compile 6
[2025.03.18-09.42.51:287][  0]LogShaderCompilers: Display: Started 2 'Local' shader compile jobs with 'High' priority
[2025.03.18-09.42.51:287][  0]LogShaderCompilers: Display: Worker (3/5): shaders left to compile 4
[2025.03.18-09.42.51:287][  0]LogShaderCompilers: Display: Started 1 'Local' shader compile jobs with 'High' priority
[2025.03.18-09.42.51:287][  0]LogShaderCompilers: Display: Worker (2/5): shaders left to compile 3
[2025.03.18-09.42.51:287][  0]LogShaderCompilers: Display: Started 1 'Local' shader compile jobs with 'High' priority
[2025.03.18-09.42.51:287][  0]LogShaderCompilers: Display: Worker (5/5): shaders left to compile 2
[2025.03.18-09.42.51:287][  0]LogShaderCompilers: Display: Started 1 'Local' shader compile jobs with 'High' priority
[2025.03.18-09.42.52:955][  0]LogShaderCompilers: Display: Worker (3/5): shaders left to compile 1
[2025.03.18-09.42.52:955][  0]LogShaderCompilers: Display: Started 1 'Local' shader compile jobs with 'High' priority
[2025.03.18-09.43.08:253][  0]LogInit: Using OS detected language (en-US).
[2025.03.18-09.43.08:253][  0]LogInit: Using OS detected locale (en-PH).
[2025.03.18-09.43.08:254][  0]LogTextLocalizationManager: No localization for 'en-US' exists, so 'en' will be used for the language.
[2025.03.18-09.43.08:254][  0]LogTextLocalizationManager: No localization for 'en-PH' exists, so 'en' will be used for the locale.
[2025.03.18-09.43.08:255][  0]LogSlate: FontCache flush requested. Reason: Culture for localization was changed
[2025.03.18-09.43.08:255][  0]LogSlate: FontCache flush requested. Reason: Culture for localization was changed
[2025.03.18-09.43.08:274][  0]LogAssetRegistry: FAssetRegistry took 0.0071 seconds to start up
[2025.03.18-09.43.09:135][  0]LogPackageLocalizationCache: Processed 30 localized package path(s) for 1 prioritized culture(s) in 0.003272 seconds
[2025.03.18-09.43.09:311][  0]LogInit: Selected Device Profile: [Windows]
[2025.03.18-09.43.09:311][  0]LogInit: Active device profile: [000001C7C4A32E00][000001C7BFF2EA00 49] Windows
[2025.03.18-09.43.09:313][  0]LogInit: Profiles: [000001C7C4A32E00][000001C7BFF2EA00 49] Windows, [000001C7C49E9400][000001C7BFE0AB80 49] WindowsNoEditor, [000001C7C4A31400][000001C7BF502D00 49] WindowsServer, [000001C7C49EA500][000001C7BF506E80 49] WindowsClient, [000001C7C4A32400][000001C7BF50B000 49] IOS, [000001C7C49EB300][000001C7BF50F180 49] iPadAir, [000001C7C4A33700][000001C7C002F300 49] iPadAir2, [000001C7C499B300][000001C7C00375C0 49] IPadPro, [000001C7C499B400][000001C7C0033600 49] iPadAir3, [000001C7C4A30B00][000001C7C003B780 49] iPadAir4, [000001C7C4999900][000001C7C003F900 49] iPadMini2, [000001C7C4A33E00][000001C7C0043A80 49] iPadMini3, [000001C7C4999200][000001C7BFE07BC0 49] iPadMini4, [000001C7C4A31F00][000001C7C0046180 49] iPadMini5, [000001C7C49E2700][000001C7C004E3C0 49] iPhone6, [000001C7C49E2800][000001C7C004A400 49] iPodTouch6, [000001C7C4998B00][000001C7C005A6C0 49] iPhone7, [000001C7C4998A00][000001C7C0056700 49] iPodTouch7, [000001C7C49E1800][000001C7C005E880 49] iPhone5S, [000001C7C499B000][000001C7C0062A00 49] iPhone6Plus, [000001C7C49E1700][000001C7C0066B80 49] iPhone6S, [000001C7C499B100][000001C7C006AD00 49] iPhone6SPlus, [000001C7C49E3E00][000001C7BF998E80 49] iPhone7Plus, [000001C7C4998D00][000001C7BF99D000 49] iPhoneSE, [000001C7C49E0200][000001C7BF9A1180 49] iPhone8, [000001C7C4999600][000001C7BF9A5300 49] iPhone8Plus, [000001C7C49E0E00][000001C7BF9A9480 49] iPhoneX, [000001C7C4999100][000001C7BF9AD600 49] iPhoneXS, [000001C7C49E1E00][000001C7BF9B1780 49] iPhoneXSMax, [000001C7C499AB00][000001C7BF9B5900 49] iPhoneXR, [000001C7C49E1000][000001C7BF9B9A80 49] iPhone11, [000001C7C499A300][000001C7BF9BDC00 49] iPhone11Pro, [000001C7C49E2100][000001C7C00521C0 49] iPhone11ProMax, [000001C7C499B200][000001C7BF9C0300 49] iPhoneSE2, [000001C7C49E2900][000001C7BF9C4440 49] iPhone12Mini, [000001C7C499AA00][000001C7BF9C8580 49] iPhone12, [000001C7C49E2500][000001C7BF9D0700 49] iPhone12Pro, [000001C7C499A000][000001C7BF9D4880 49] iPhone12ProMax, [000001C7C49E1C00][000001C7BF9D8A00 49] iPadPro105, [000001C7C4998700][000001C7BF9DCB80 49] iPadPro129, [000001C7C49E0C00][000001C7BF9E0D00 49] iPadPro97, [000001C7C499A200][000001C7BF9E4E80 49] iPadPro2_129, [000001C7C49E3600][000001C7BF9E9000 49] iPad5, [000001C7C499A700][000001C7BF9ED180 49] iPad6, [000001C7C49E1200][000001C7BF9F1300 49] iPad7, [000001C7C499A600][000001C7BF9F5480 49] iPad8, [000001C7C49E3900][000001C7BF9F9600 49] iPadPro11, [000001C7C499A900][000001C7BF9FD780 49] iPadPro2_11, [000001C7C49E1F00][000001C7C5661900 49] iPadPro3_129, [000001C7C4998100][000001C7C5665A80 49] iPadPro4_129, [000001C7C49E1900][000001C7C5669C00 49] AppleTV, [000001C7C4999400][000001C7C566C200 49] AppleTV4K, [000001C7C49E8A00][000001C7C5670380 49] TVOS, [000001C7C3A6D900][000001C7BF9CC4C0 49] Mac, [000001C7C49E8600][000001C7C5674600 49] MacClient, [000001C7C3A6DB00][000001C7C5678740 49] MacNoEditor, [000001C7C49E8200][000001C7C56808C0 49] MacServer, [000001C7C3A6CE00][000001C7C5684A40 49] Linux, [000001C7C49E9100][000001C7C5688BC0 49] LinuxAArch64, [000001C7C3A6CF00][000001C7C568CD40 49] LinuxNoEditor, [000001C7C49EA400][000001C7C5690EC0 49] LinuxAArch64NoEditor, [000001C7C3A6D500][000001C7C5695040 49] LinuxClient, [000001C7C49E8400][000001C7C56991C0 49] LinuxAArch64Client, [000001C7C3A6E100][000001C7C569D340 49] LinuxServer, [000001C7C49EBE00][000001C7C56A14C0 49] LinuxAArch64Server, [000001C7C3A6DE00][000001C7C56A5640 49] Android, [000001C7C49EA100][000001C7C56A97C0 49] Android_Low, [000001C7C3A6D800][000001C7C56AD940 49] Android_Mid, [000001C7C49E8900][000001C7C56B1AC0 49] Android_High, [000001C7C3A6D300][000001C7C56B40C0 49] Android_Default, [000001C7C4999800][000001C7C56B8240 49] Android_Adreno4xx, [000001C7C49E3000][000001C7C56BC3C0 49] Android_Adreno5xx_Low, [000001C7C4999E00][000001C7C56C0540 49] Android_Adreno5xx, [000001C7C49E0700][000001C7C567C680 49] Android_Adreno6xx, [000001C7C499AC00][000001C7C56C47C0 49] Android_Adreno6xx_Vulkan, [000001C7C49E3500][000001C7C56C8900 49] Android_Mali_T6xx, [000001C7C499AD00][000001C7C56CCA40 49] Android_Mali_T7xx, [000001C7C49E1A00][000001C7C56D4BC0 49] Android_Mali_T8xx, [000001C7C499A500][000001C7C56D8D40 49] Android_Mali_G71, [000001C7C49E2E00][000001C7C56DCEC0 49] Android_Mali_G72, [000001C7C4999B00][000001C7C56E1040 49] Android_Mali_G72_Vulkan, [000001C7C49E2C00][000001C7C56E51C0 49] Android_Mali_G76, [000001C7C4998C00][000001C7C56E9340 49] Android_Mali_G76_Vulkan, [000001C7C49E0800][000001C7C56ED4C0 49] Android_Mali_G77, [000001C7C4999300][000001C7C56F1640 49] Android_Mali_G77_Vulkan, [000001C7C3A6D100][000001C7C56F57C0 49] Android_Mali_G78, [000001C7C499BB00][000001C7C56F9940 49] Android_Mali_G78_Vulkan, [000001C7C3A6D400][000001C7C56FDAC0 49] Android_Mali_G710, [000001C7C4998500][000001C7C57000C0 49] Android_Mali_G710_Vulkan, [000001C7C3A6C100][000001C7C5704240 49] Android_Vulkan_SM5, [000001C7C499BC00][000001C7C57083C0 49] Android_PowerVR_G6xxx, [000001C7C3A6D600][000001C7C570C540 49] Android_PowerVR_GT7xxx, [000001C7C499B600][000001C7C57106C0 49] Android_PowerVR_GE8xxx, [000001C7C49E0600][000001C7C56D0800 49] Android_PowerVR_GM9xxx, [000001C7C4999F00][000001C7C5714940 49] Android_PowerVR_GM9xxx_Vulkan, [000001C7C49E2400][000001C7C5718A80 49] Android_TegraK1, [000001C7C499A100][000001C7C571CBC0 49] Android_Unknown_Vulkan, [000001C7C49E3200][000001C7C5724D40 49] Lumin, [000001C7C4998200][000001C7C5728EC0 49] Lumin_Desktop, [000001C7C49E3800][000001C7C572D040 49] HoloLens, 
[2025.03.18-09.43.09:695][  0]LogTextLocalizationManager: Compacting localization data took   0.54ms
[2025.03.18-09.43.09:695][  0]LogMaterial: Display: Missing cached shadermap for WorldGridMaterial in PCD3D_ES3_1, Default, ES3_1 (DDC key hash: A023F75EDA2977C0C07BBDFE5493408A0A9F6DCB), compiling. Is special engine material.
[2025.03.18-09.43.12:473][  0]LogShaderCompilers: Display: Submitted 816 shader compile jobs with 'High' priority
[2025.03.18-09.43.13:203][  0]LogShaderCompilers: Display: Worker (1/5): shaders left to compile 816
[2025.03.18-09.43.13:203][  0]LogShaderCompilers: Display: Worker (2/5): shaders left to compile 806
[2025.03.18-09.43.13:203][  0]LogShaderCompilers: Display: Worker (3/5): shaders left to compile 796
[2025.03.18-09.43.13:203][  0]LogShaderCompilers: Display: Worker (4/5): shaders left to compile 786
[2025.03.18-09.43.13:203][  0]LogShaderCompilers: Display: Worker (5/5): shaders left to compile 776
[2025.03.18-09.43.13:203][  0]LogShaderCompilers: Display: Started 50 'Local' shader compile jobs with 'High' priority
[2025.03.18-09.43.18:182][  0]LogShaderCompilers: Display: Worker (3/5): shaders left to compile 766
[2025.03.18-09.43.18:182][  0]LogShaderCompilers: Display: Started 10 'Local' shader compile jobs with 'High' priority
[2025.03.18-09.43.22:194][  0]LogShaderCompilers: Display: Worker (2/5): shaders left to compile 756
[2025.03.18-09.43.22:194][  0]LogShaderCompilers: Display: Started 10 'Local' shader compile jobs with 'High' priority
[2025.03.18-09.43.22:988][  0]LogShaderCompilers: Display: Worker (4/5): shaders left to compile 746
[2025.03.18-09.43.22:988][  0]LogShaderCompilers: Display: Started 10 'Local' shader compile jobs with 'High' priority
[2025.03.18-09.43.26:293][  0]LogShaderCompilers: Display: Worker (1/5): shaders left to compile 736
[2025.03.18-09.43.26:293][  0]LogShaderCompilers: Display: Started 10 'Local' shader compile jobs with 'High' priority
[2025.03.18-09.43.43:056][  0]LogShaderCompilers: Display: Worker (5/5): shaders left to compile 726
[2025.03.18-09.43.43:057][  0]LogShaderCompilers: Display: Started 10 'Local' shader compile jobs with 'High' priority
[2025.03.18-09.44.25:734][  0]LogShaderCompilers: Display: Worker (4/5): shaders left to compile 716
[2025.03.18-09.44.25:734][  0]LogShaderCompilers: Display: Started 10 'Local' shader compile jobs with 'High' priority
[2025.03.18-09.44.33:328][  0]LogShaderCompilers: Display: Worker (3/5): shaders left to compile 706
[2025.03.18-09.44.33:328][  0]LogShaderCompilers: Display: Started 10 'Local' shader compile jobs with 'High' priority
[2025.03.18-09.44.36:568][  0]LogShaderCompilers: Display: Worker (2/5): shaders left to compile 696
[2025.03.18-09.44.36:568][  0]LogShaderCompilers: Display: Started 10 'Local' shader compile jobs with 'High' priority
[2025.03.18-09.44.36:568][  0]LogShaderCompilers: Display: Worker (5/5): shaders left to compile 686
[2025.03.18-09.44.36:568][  0]LogShaderCompilers: Display: Started 10 'Local' shader compile jobs with 'High' priority
[2025.03.18-09.44.37:366][  0]LogShaderCompilers: Display: Worker (1/5): shaders left to compile 676
[2025.03.18-09.44.37:366][  0]LogShaderCompilers: Display: Started 10 'Local' shader compile jobs with 'High' priority
[2025.03.18-09.44.47:158][  0]LogShaderCompilers: Display: Worker (4/5): shaders left to compile 666
[2025.03.18-09.44.47:158][  0]LogShaderCompilers: Display: Started 10 'Local' shader compile jobs with 'High' priority
[2025.03.18-09.45.16:816][  0]LogShaderCompilers: Display: Worker (3/5): shaders left to compile 656
[2025.03.18-09.45.16:816][  0]LogShaderCompilers: Display: Started 10 'Local' shader compile jobs with 'High' priority
[2025.03.18-09.45.31:526][  0]LogShaderCompilers: Display: Worker (5/5): shaders left to compile 646
[2025.03.18-09.45.31:526][  0]LogShaderCompilers: Display: Started 10 'Local' shader compile jobs with 'High' priority
[2025.03.18-09.45.34:818][  0]LogShaderCompilers: Display: Worker (2/5): shaders left to compile 636
[2025.03.18-09.45.34:818][  0]LogShaderCompilers: Display: Started 10 'Local' shader compile jobs with 'High' priority
[2025.03.18-09.45.37:278][  0]LogShaderCompilers: Display: Worker (1/5): shaders left to compile 626
[2025.03.18-09.45.37:278][  0]LogShaderCompilers: Display: Started 10 'Local' shader compile jobs with 'High' priority
[2025.03.18-09.46.00:972][  0]LogShaderCompilers: Display: Worker (4/5): shaders left to compile 616
[2025.03.18-09.46.00:972][  0]LogShaderCompilers: Display: Started 10 'Local' shader compile jobs with 'High' priority
[2025.03.18-09.46.18:086][  0]LogShaderCompilers: Display: Worker (5/5): shaders left to compile 606
[2025.03.18-09.46.18:086][  0]LogShaderCompilers: Display: Started 10 'Local' shader compile jobs with 'High' priority
[2025.03.18-09.46.21:366][  0]LogShaderCompilers: Display: Worker (3/5): shaders left to compile 596
[2025.03.18-09.46.21:366][  0]LogShaderCompilers: Display: Started 10 'Local' shader compile jobs with 'High' priority
[2025.03.18-09.46.21:366][  0]LogShaderCompilers: Display: Worker (2/5): shaders left to compile 586
[2025.03.18-09.46.21:366][  0]LogShaderCompilers: Display: Started 10 'Local' shader compile jobs with 'High' priority
[2025.03.18-09.46.27:262][  0]LogShaderCompilers: Display: Worker (1/5): shaders left to compile 576
[2025.03.18-09.46.27:262][  0]LogShaderCompilers: Display: Started 10 'Local' shader compile jobs with 'High' priority
[2025.03.18-09.46.44:787][  0]LogShaderCompilers: Display: Worker (4/5): shaders left to compile 566
[2025.03.18-09.46.44:787][  0]LogShaderCompilers: Display: Started 10 'Local' shader compile jobs with 'High' priority
[2025.03.18-09.46.49:544][  0]LogShaderCompilers: Display: Worker (3/5): shaders left to compile 556
[2025.03.18-09.46.49:544][  0]LogShaderCompilers: Display: Started 10 'Local' shader compile jobs with 'High' priority
[2025.03.18-09.46.50:334][  0]LogShaderCompilers: Display: Worker (5/5): shaders left to compile 546
[2025.03.18-09.46.50:334][  0]LogShaderCompilers: Display: Started 10 'Local' shader compile jobs with 'High' priority
[2025.03.18-09.46.51:133][  0]LogShaderCompilers: Display: Worker (2/5): shaders left to compile 536
[2025.03.18-09.46.51:133][  0]LogShaderCompilers: Display: Started 10 'Local' shader compile jobs with 'High' priority
[2025.03.18-09.46.57:537][  0]LogShaderCompilers: Display: Worker (1/5): shaders left to compile 526
[2025.03.18-09.46.57:537][  0]LogShaderCompilers: Display: Started 10 'Local' shader compile jobs with 'High' priority
[2025.03.18-09.47.32:306][  0]LogShaderCompilers: Display: Worker (4/5): shaders left to compile 516
[2025.03.18-09.47.32:306][  0]LogShaderCompilers: Display: Started 10 'Local' shader compile jobs with 'High' priority
[2025.03.18-09.47.51:579][  0]LogShaderCompilers: Display: Worker (5/5): shaders left to compile 506
[2025.03.18-09.47.51:579][  0]LogShaderCompilers: Display: Started 10 'Local' shader compile jobs with 'High' priority
